<?xml version="1.0" encoding="UTF-8"?>
<testsuite xmlns:xsi="http://www.w3.org/2001/XMLSchema-instance" xsi:noNamespaceSchemaLocation="https://maven.apache.org/surefire/maven-surefire-plugin/xsd/surefire-test-report.xsd" name="runners.CukesRunner" time="10.267" tests="4" errors="4" skipped="0" failures="0">
  <properties>
    <property name="awt.toolkit" value="sun.lwawt.macosx.LWCToolkit"/>
    <property name="java.specification.version" value="12"/>
    <property name="sun.jnu.encoding" value="UTF-8"/>
    <property name="java.class.path" value="/Users/venerakadralieva/Desktop/WPFS/CucumberChicagoB14/target/test-classes:/Users/venerakadralieva/Desktop/WPFS/CucumberChicagoB14/target/classes:/Users/venerakadralieva/.m2/repository/org/seleniumhq/selenium/selenium-java/3.141.59/selenium-java-3.141.59.jar:/Users/venerakadralieva/.m2/repository/org/seleniumhq/selenium/selenium-api/3.141.59/selenium-api-3.141.59.jar:/Users/venerakadralieva/.m2/repository/org/seleniumhq/selenium/selenium-chrome-driver/3.141.59/selenium-chrome-driver-3.141.59.jar:/Users/venerakadralieva/.m2/repository/org/seleniumhq/selenium/selenium-edge-driver/3.141.59/selenium-edge-driver-3.141.59.jar:/Users/venerakadralieva/.m2/repository/org/seleniumhq/selenium/selenium-firefox-driver/3.141.59/selenium-firefox-driver-3.141.59.jar:/Users/venerakadralieva/.m2/repository/org/seleniumhq/selenium/selenium-ie-driver/3.141.59/selenium-ie-driver-3.141.59.jar:/Users/venerakadralieva/.m2/repository/org/seleniumhq/selenium/selenium-opera-driver/3.141.59/selenium-opera-driver-3.141.59.jar:/Users/venerakadralieva/.m2/repository/org/seleniumhq/selenium/selenium-remote-driver/3.141.59/selenium-remote-driver-3.141.59.jar:/Users/venerakadralieva/.m2/repository/org/seleniumhq/selenium/selenium-safari-driver/3.141.59/selenium-safari-driver-3.141.59.jar:/Users/venerakadralieva/.m2/repository/org/seleniumhq/selenium/selenium-support/3.141.59/selenium-support-3.141.59.jar:/Users/venerakadralieva/.m2/repository/net/bytebuddy/byte-buddy/1.8.15/byte-buddy-1.8.15.jar:/Users/venerakadralieva/.m2/repository/org/apache/commons/commons-exec/1.3/commons-exec-1.3.jar:/Users/venerakadralieva/.m2/repository/com/google/guava/guava/25.0-jre/guava-25.0-jre.jar:/Users/venerakadralieva/.m2/repository/com/google/code/findbugs/jsr305/1.3.9/jsr305-1.3.9.jar:/Users/venerakadralieva/.m2/repository/org/checkerframework/checker-compat-qual/2.0.0/checker-compat-qual-2.0.0.jar:/Users/venerakadralieva/.m2/repository/com/google/errorprone/error_prone_annotations/2.1.3/error_prone_annotations-2.1.3.jar:/Users/venerakadralieva/.m2/repository/com/google/j2objc/j2objc-annotations/1.1/j2objc-annotations-1.1.jar:/Users/venerakadralieva/.m2/repository/org/codehaus/mojo/animal-sniffer-annotations/1.14/animal-sniffer-annotations-1.14.jar:/Users/venerakadralieva/.m2/repository/com/squareup/okhttp3/okhttp/3.11.0/okhttp-3.11.0.jar:/Users/venerakadralieva/.m2/repository/com/squareup/okio/okio/1.14.0/okio-1.14.0.jar:/Users/venerakadralieva/.m2/repository/io/github/bonigarcia/webdrivermanager/3.8.0/webdrivermanager-3.8.0.jar:/Users/venerakadralieva/.m2/repository/org/slf4j/slf4j-api/1.7.25/slf4j-api-1.7.25.jar:/Users/venerakadralieva/.m2/repository/commons-io/commons-io/2.6/commons-io-2.6.jar:/Users/venerakadralieva/.m2/repository/com/google/code/gson/gson/2.8.5/gson-2.8.5.jar:/Users/venerakadralieva/.m2/repository/org/apache/commons/commons-lang3/3.8.1/commons-lang3-3.8.1.jar:/Users/venerakadralieva/.m2/repository/org/apache/httpcomponents/httpclient/4.5.6/httpclient-4.5.6.jar:/Users/venerakadralieva/.m2/repository/org/apache/httpcomponents/httpcore/4.4.10/httpcore-4.4.10.jar:/Users/venerakadralieva/.m2/repository/commons-logging/commons-logging/1.2/commons-logging-1.2.jar:/Users/venerakadralieva/.m2/repository/commons-codec/commons-codec/1.10/commons-codec-1.10.jar:/Users/venerakadralieva/.m2/repository/org/rauschig/jarchivelib/1.0.0/jarchivelib-1.0.0.jar:/Users/venerakadralieva/.m2/repository/org/jsoup/jsoup/1.11.3/jsoup-1.11.3.jar:/Users/venerakadralieva/.m2/repository/com/github/javafaker/javafaker/1.0.1/javafaker-1.0.1.jar:/Users/venerakadralieva/.m2/repository/org/yaml/snakeyaml/1.23/snakeyaml-1.23-android.jar:/Users/venerakadralieva/.m2/repository/com/github/mifmif/generex/1.0.2/generex-1.0.2.jar:/Users/venerakadralieva/.m2/repository/dk/brics/automaton/automaton/1.11-8/automaton-1.11-8.jar:/Users/venerakadralieva/.m2/repository/io/cucumber/cucumber-java/4.2.0/cucumber-java-4.2.0.jar:/Users/venerakadralieva/.m2/repository/io/cucumber/cucumber-core/4.2.0/cucumber-core-4.2.0.jar:/Users/venerakadralieva/.m2/repository/io/cucumber/cucumber-html/0.2.7/cucumber-html-0.2.7.jar:/Users/venerakadralieva/.m2/repository/io/cucumber/gherkin/5.1.0/gherkin-5.1.0.jar:/Users/venerakadralieva/.m2/repository/io/cucumber/tag-expressions/1.1.1/tag-expressions-1.1.1.jar:/Users/venerakadralieva/.m2/repository/io/cucumber/cucumber-expressions/6.2.0/cucumber-expressions-6.2.0.jar:/Users/venerakadralieva/.m2/repository/io/cucumber/datatable/1.1.7/datatable-1.1.7.jar:/Users/venerakadralieva/.m2/repository/io/cucumber/datatable-dependencies/1.1.7/datatable-dependencies-1.1.7.jar:/Users/venerakadralieva/.m2/repository/io/cucumber/cucumber-junit/4.2.0/cucumber-junit-4.2.0.jar:/Users/venerakadralieva/.m2/repository/junit/junit/4.12/junit-4.12.jar:/Users/venerakadralieva/.m2/repository/org/apache/poi/poi-ooxml/4.1.2/poi-ooxml-4.1.2.jar:/Users/venerakadralieva/.m2/repository/org/apache/poi/poi/4.1.2/poi-4.1.2.jar:/Users/venerakadralieva/.m2/repository/org/apache/commons/commons-collections4/4.4/commons-collections4-4.4.jar:/Users/venerakadralieva/.m2/repository/org/apache/commons/commons-math3/3.6.1/commons-math3-3.6.1.jar:/Users/venerakadralieva/.m2/repository/com/zaxxer/SparseBitSet/1.2/SparseBitSet-1.2.jar:/Users/venerakadralieva/.m2/repository/org/apache/poi/poi-ooxml-schemas/4.1.2/poi-ooxml-schemas-4.1.2.jar:/Users/venerakadralieva/.m2/repository/org/apache/xmlbeans/xmlbeans/3.1.0/xmlbeans-3.1.0.jar:/Users/venerakadralieva/.m2/repository/org/apache/commons/commons-compress/1.19/commons-compress-1.19.jar:/Users/venerakadralieva/.m2/repository/com/github/virtuald/curvesapi/1.06/curvesapi-1.06.jar:/Users/venerakadralieva/.m2/repository/oracle/ojdbc6/11.2.0.3/ojdbc6-11.2.0.3.jar:/Users/venerakadralieva/.m2/repository/org/apache/logging/log4j/log4j-core/2.12.1/log4j-core-2.12.1.jar:/Users/venerakadralieva/.m2/repository/org/apache/logging/log4j/log4j-api/2.12.1/log4j-api-2.12.1.jar:/Users/venerakadralieva/.m2/repository/com/aventstack/extentreports/4.0.9/extentreports-4.0.9.jar:/Users/venerakadralieva/.m2/repository/org/freemarker/freemarker/2.3.23/freemarker-2.3.23.jar:/Users/venerakadralieva/.m2/repository/org/mongodb/mongodb-driver/3.3.0/mongodb-driver-3.3.0.jar:/Users/venerakadralieva/.m2/repository/org/mongodb/mongodb-driver-core/3.3.0/mongodb-driver-core-3.3.0.jar:/Users/venerakadralieva/.m2/repository/org/mongodb/bson/3.3.0/bson-3.3.0.jar:/Users/venerakadralieva/.m2/repository/org/apache/httpcomponents/httpmime/4.5.2/httpmime-4.5.2.jar:/Users/venerakadralieva/.m2/repository/com/fasterxml/jackson/core/jackson-databind/2.9.8/jackson-databind-2.9.8.jar:/Users/venerakadralieva/.m2/repository/com/fasterxml/jackson/core/jackson-annotations/2.9.0/jackson-annotations-2.9.0.jar:/Users/venerakadralieva/.m2/repository/com/fasterxml/jackson/core/jackson-core/2.9.8/jackson-core-2.9.8.jar:/Users/venerakadralieva/.m2/repository/io/rest-assured/rest-assured/4.2.0/rest-assured-4.2.0.jar:/Users/venerakadralieva/.m2/repository/org/codehaus/groovy/groovy/2.5.8/groovy-2.5.8.jar:/Users/venerakadralieva/.m2/repository/org/codehaus/groovy/groovy-xml/2.5.8/groovy-xml-2.5.8.jar:/Users/venerakadralieva/.m2/repository/org/hamcrest/hamcrest/2.1/hamcrest-2.1.jar:/Users/venerakadralieva/.m2/repository/org/ccil/cowan/tagsoup/tagsoup/1.2.1/tagsoup-1.2.1.jar:/Users/venerakadralieva/.m2/repository/io/rest-assured/json-path/4.2.0/json-path-4.2.0.jar:/Users/venerakadralieva/.m2/repository/org/codehaus/groovy/groovy-json/2.5.8/groovy-json-2.5.8.jar:/Users/venerakadralieva/.m2/repository/io/rest-assured/rest-assured-common/4.2.0/rest-assured-common-4.2.0.jar:/Users/venerakadralieva/.m2/repository/io/rest-assured/xml-path/4.2.0/xml-path-4.2.0.jar:/Users/venerakadralieva/.m2/repository/jakarta/xml/bind/jakarta.xml.bind-api/2.3.2/jakarta.xml.bind-api-2.3.2.jar:/Users/venerakadralieva/.m2/repository/jakarta/activation/jakarta.activation-api/1.2.1/jakarta.activation-api-1.2.1.jar:/Users/venerakadralieva/.m2/repository/com/sun/xml/bind/jaxb-osgi/2.3.0.1/jaxb-osgi-2.3.0.1.jar:/Users/venerakadralieva/.m2/repository/org/apache/sling/org.apache.sling.javax.activation/0.1.0/org.apache.sling.javax.activation-0.1.0.jar:/Users/venerakadralieva/.m2/repository/javax/activation/activation/1.1.1/activation-1.1.1.jar:/Users/venerakadralieva/.m2/repository/org/projectlombok/lombok/1.18.8/lombok-1.18.8.jar:/Users/venerakadralieva/.m2/repository/org/assertj/assertj-core/3.11.1/assertj-core-3.11.1.jar:/Users/venerakadralieva/.m2/repository/io/appium/java-client/7.3.0/java-client-7.3.0.jar:/Users/venerakadralieva/.m2/repository/cglib/cglib/3.2.12/cglib-3.2.12.jar:/Users/venerakadralieva/.m2/repository/org/ow2/asm/asm/7.1/asm-7.1.jar:/Users/venerakadralieva/.m2/repository/commons-validator/commons-validator/1.6/commons-validator-1.6.jar:/Users/venerakadralieva/.m2/repository/commons-beanutils/commons-beanutils/1.9.2/commons-beanutils-1.9.2.jar:/Users/venerakadralieva/.m2/repository/commons-digester/commons-digester/1.8.1/commons-digester-1.8.1.jar:/Users/venerakadralieva/.m2/repository/commons-collections/commons-collections/3.2.2/commons-collections-3.2.2.jar:/Users/venerakadralieva/.m2/repository/org/springframework/spring-context/5.1.8.RELEASE/spring-context-5.1.8.RELEASE.jar:/Users/venerakadralieva/.m2/repository/org/springframework/spring-aop/5.1.8.RELEASE/spring-aop-5.1.8.RELEASE.jar:/Users/venerakadralieva/.m2/repository/org/springframework/spring-beans/5.1.8.RELEASE/spring-beans-5.1.8.RELEASE.jar:/Users/venerakadralieva/.m2/repository/org/springframework/spring-core/5.1.8.RELEASE/spring-core-5.1.8.RELEASE.jar:/Users/venerakadralieva/.m2/repository/org/springframework/spring-jcl/5.1.8.RELEASE/spring-jcl-5.1.8.RELEASE.jar:/Users/venerakadralieva/.m2/repository/org/springframework/spring-expression/5.1.8.RELEASE/spring-expression-5.1.8.RELEASE.jar:/Users/venerakadralieva/.m2/repository/org/aspectj/aspectjweaver/1.9.4/aspectjweaver-1.9.4.jar:/Users/venerakadralieva/.m2/repository/io/rest-assured/json-schema-validator/4.0.0/json-schema-validator-4.0.0.jar:/Users/venerakadralieva/.m2/repository/com/github/java-json-tools/json-schema-validator/2.2.10/json-schema-validator-2.2.10.jar:/Users/venerakadralieva/.m2/repository/com/github/java-json-tools/json-schema-core/1.2.10/json-schema-core-1.2.10.jar:/Users/venerakadralieva/.m2/repository/com/github/java-json-tools/jackson-coreutils/1.9/jackson-coreutils-1.9.jar:/Users/venerakadralieva/.m2/repository/com/github/fge/msg-simple/1.1/msg-simple-1.1.jar:/Users/venerakadralieva/.m2/repository/com/github/fge/btf/1.2/btf-1.2.jar:/Users/venerakadralieva/.m2/repository/com/github/fge/uri-template/0.9/uri-template-0.9.jar:/Users/venerakadralieva/.m2/repository/org/mozilla/rhino/1.7.7.1/rhino-1.7.7.1.jar:/Users/venerakadralieva/.m2/repository/javax/mail/mailapi/1.4.3/mailapi-1.4.3.jar:/Users/venerakadralieva/.m2/repository/joda-time/joda-time/2.9.7/joda-time-2.9.7.jar:/Users/venerakadralieva/.m2/repository/com/googlecode/libphonenumber/libphonenumber/8.0.0/libphonenumber-8.0.0.jar:/Users/venerakadralieva/.m2/repository/net/sf/jopt-simple/jopt-simple/5.0.3/jopt-simple-5.0.3.jar:/Users/venerakadralieva/.m2/repository/org/hamcrest/hamcrest-core/2.1/hamcrest-core-2.1.jar:"/>
    <property name="java.vm.vendor" value="Oracle Corporation"/>
    <property name="sun.arch.data.model" value="64"/>
    <property name="java.vendor.url" value="https://java.oracle.com/"/>
    <property name="os.name" value="Mac OS X"/>
    <property name="java.vm.specification.version" value="12"/>
    <property name="sun.java.launcher" value="SUN_STANDARD"/>
    <property name="user.country" value="US"/>
    <property name="sun.boot.library.path" value="/Library/Java/JavaVirtualMachines/jdk-12.0.2.jdk/Contents/Home/lib"/>
    <property name="sun.java.command" value="/Users/venerakadralieva/Desktop/WPFS/CucumberChicagoB14/target/surefire/surefirebooter10486838392630306225.jar /Users/venerakadralieva/Desktop/WPFS/CucumberChicagoB14/target/surefire 2020-04-07T22-06-59_500-jvmRun1 surefire15812689700220622783tmp surefire_01824959366812540031tmp"/>
    <property name="http.nonProxyHosts" value="local|*.local|169.254/16|*.169.254/16"/>
    <property name="jdk.debug" value="release"/>
    <property name="surefire.test.class.path" value="/Users/venerakadralieva/Desktop/WPFS/CucumberChicagoB14/target/test-classes:/Users/venerakadralieva/Desktop/WPFS/CucumberChicagoB14/target/classes:/Users/venerakadralieva/.m2/repository/org/seleniumhq/selenium/selenium-java/3.141.59/selenium-java-3.141.59.jar:/Users/venerakadralieva/.m2/repository/org/seleniumhq/selenium/selenium-api/3.141.59/selenium-api-3.141.59.jar:/Users/venerakadralieva/.m2/repository/org/seleniumhq/selenium/selenium-chrome-driver/3.141.59/selenium-chrome-driver-3.141.59.jar:/Users/venerakadralieva/.m2/repository/org/seleniumhq/selenium/selenium-edge-driver/3.141.59/selenium-edge-driver-3.141.59.jar:/Users/venerakadralieva/.m2/repository/org/seleniumhq/selenium/selenium-firefox-driver/3.141.59/selenium-firefox-driver-3.141.59.jar:/Users/venerakadralieva/.m2/repository/org/seleniumhq/selenium/selenium-ie-driver/3.141.59/selenium-ie-driver-3.141.59.jar:/Users/venerakadralieva/.m2/repository/org/seleniumhq/selenium/selenium-opera-driver/3.141.59/selenium-opera-driver-3.141.59.jar:/Users/venerakadralieva/.m2/repository/org/seleniumhq/selenium/selenium-remote-driver/3.141.59/selenium-remote-driver-3.141.59.jar:/Users/venerakadralieva/.m2/repository/org/seleniumhq/selenium/selenium-safari-driver/3.141.59/selenium-safari-driver-3.141.59.jar:/Users/venerakadralieva/.m2/repository/org/seleniumhq/selenium/selenium-support/3.141.59/selenium-support-3.141.59.jar:/Users/venerakadralieva/.m2/repository/net/bytebuddy/byte-buddy/1.8.15/byte-buddy-1.8.15.jar:/Users/venerakadralieva/.m2/repository/org/apache/commons/commons-exec/1.3/commons-exec-1.3.jar:/Users/venerakadralieva/.m2/repository/com/google/guava/guava/25.0-jre/guava-25.0-jre.jar:/Users/venerakadralieva/.m2/repository/com/google/code/findbugs/jsr305/1.3.9/jsr305-1.3.9.jar:/Users/venerakadralieva/.m2/repository/org/checkerframework/checker-compat-qual/2.0.0/checker-compat-qual-2.0.0.jar:/Users/venerakadralieva/.m2/repository/com/google/errorprone/error_prone_annotations/2.1.3/error_prone_annotations-2.1.3.jar:/Users/venerakadralieva/.m2/repository/com/google/j2objc/j2objc-annotations/1.1/j2objc-annotations-1.1.jar:/Users/venerakadralieva/.m2/repository/org/codehaus/mojo/animal-sniffer-annotations/1.14/animal-sniffer-annotations-1.14.jar:/Users/venerakadralieva/.m2/repository/com/squareup/okhttp3/okhttp/3.11.0/okhttp-3.11.0.jar:/Users/venerakadralieva/.m2/repository/com/squareup/okio/okio/1.14.0/okio-1.14.0.jar:/Users/venerakadralieva/.m2/repository/io/github/bonigarcia/webdrivermanager/3.8.0/webdrivermanager-3.8.0.jar:/Users/venerakadralieva/.m2/repository/org/slf4j/slf4j-api/1.7.25/slf4j-api-1.7.25.jar:/Users/venerakadralieva/.m2/repository/commons-io/commons-io/2.6/commons-io-2.6.jar:/Users/venerakadralieva/.m2/repository/com/google/code/gson/gson/2.8.5/gson-2.8.5.jar:/Users/venerakadralieva/.m2/repository/org/apache/commons/commons-lang3/3.8.1/commons-lang3-3.8.1.jar:/Users/venerakadralieva/.m2/repository/org/apache/httpcomponents/httpclient/4.5.6/httpclient-4.5.6.jar:/Users/venerakadralieva/.m2/repository/org/apache/httpcomponents/httpcore/4.4.10/httpcore-4.4.10.jar:/Users/venerakadralieva/.m2/repository/commons-logging/commons-logging/1.2/commons-logging-1.2.jar:/Users/venerakadralieva/.m2/repository/commons-codec/commons-codec/1.10/commons-codec-1.10.jar:/Users/venerakadralieva/.m2/repository/org/rauschig/jarchivelib/1.0.0/jarchivelib-1.0.0.jar:/Users/venerakadralieva/.m2/repository/org/jsoup/jsoup/1.11.3/jsoup-1.11.3.jar:/Users/venerakadralieva/.m2/repository/com/github/javafaker/javafaker/1.0.1/javafaker-1.0.1.jar:/Users/venerakadralieva/.m2/repository/org/yaml/snakeyaml/1.23/snakeyaml-1.23-android.jar:/Users/venerakadralieva/.m2/repository/com/github/mifmif/generex/1.0.2/generex-1.0.2.jar:/Users/venerakadralieva/.m2/repository/dk/brics/automaton/automaton/1.11-8/automaton-1.11-8.jar:/Users/venerakadralieva/.m2/repository/io/cucumber/cucumber-java/4.2.0/cucumber-java-4.2.0.jar:/Users/venerakadralieva/.m2/repository/io/cucumber/cucumber-core/4.2.0/cucumber-core-4.2.0.jar:/Users/venerakadralieva/.m2/repository/io/cucumber/cucumber-html/0.2.7/cucumber-html-0.2.7.jar:/Users/venerakadralieva/.m2/repository/io/cucumber/gherkin/5.1.0/gherkin-5.1.0.jar:/Users/venerakadralieva/.m2/repository/io/cucumber/tag-expressions/1.1.1/tag-expressions-1.1.1.jar:/Users/venerakadralieva/.m2/repository/io/cucumber/cucumber-expressions/6.2.0/cucumber-expressions-6.2.0.jar:/Users/venerakadralieva/.m2/repository/io/cucumber/datatable/1.1.7/datatable-1.1.7.jar:/Users/venerakadralieva/.m2/repository/io/cucumber/datatable-dependencies/1.1.7/datatable-dependencies-1.1.7.jar:/Users/venerakadralieva/.m2/repository/io/cucumber/cucumber-junit/4.2.0/cucumber-junit-4.2.0.jar:/Users/venerakadralieva/.m2/repository/junit/junit/4.12/junit-4.12.jar:/Users/venerakadralieva/.m2/repository/org/apache/poi/poi-ooxml/4.1.2/poi-ooxml-4.1.2.jar:/Users/venerakadralieva/.m2/repository/org/apache/poi/poi/4.1.2/poi-4.1.2.jar:/Users/venerakadralieva/.m2/repository/org/apache/commons/commons-collections4/4.4/commons-collections4-4.4.jar:/Users/venerakadralieva/.m2/repository/org/apache/commons/commons-math3/3.6.1/commons-math3-3.6.1.jar:/Users/venerakadralieva/.m2/repository/com/zaxxer/SparseBitSet/1.2/SparseBitSet-1.2.jar:/Users/venerakadralieva/.m2/repository/org/apache/poi/poi-ooxml-schemas/4.1.2/poi-ooxml-schemas-4.1.2.jar:/Users/venerakadralieva/.m2/repository/org/apache/xmlbeans/xmlbeans/3.1.0/xmlbeans-3.1.0.jar:/Users/venerakadralieva/.m2/repository/org/apache/commons/commons-compress/1.19/commons-compress-1.19.jar:/Users/venerakadralieva/.m2/repository/com/github/virtuald/curvesapi/1.06/curvesapi-1.06.jar:/Users/venerakadralieva/.m2/repository/oracle/ojdbc6/11.2.0.3/ojdbc6-11.2.0.3.jar:/Users/venerakadralieva/.m2/repository/org/apache/logging/log4j/log4j-core/2.12.1/log4j-core-2.12.1.jar:/Users/venerakadralieva/.m2/repository/org/apache/logging/log4j/log4j-api/2.12.1/log4j-api-2.12.1.jar:/Users/venerakadralieva/.m2/repository/com/aventstack/extentreports/4.0.9/extentreports-4.0.9.jar:/Users/venerakadralieva/.m2/repository/org/freemarker/freemarker/2.3.23/freemarker-2.3.23.jar:/Users/venerakadralieva/.m2/repository/org/mongodb/mongodb-driver/3.3.0/mongodb-driver-3.3.0.jar:/Users/venerakadralieva/.m2/repository/org/mongodb/mongodb-driver-core/3.3.0/mongodb-driver-core-3.3.0.jar:/Users/venerakadralieva/.m2/repository/org/mongodb/bson/3.3.0/bson-3.3.0.jar:/Users/venerakadralieva/.m2/repository/org/apache/httpcomponents/httpmime/4.5.2/httpmime-4.5.2.jar:/Users/venerakadralieva/.m2/repository/com/fasterxml/jackson/core/jackson-databind/2.9.8/jackson-databind-2.9.8.jar:/Users/venerakadralieva/.m2/repository/com/fasterxml/jackson/core/jackson-annotations/2.9.0/jackson-annotations-2.9.0.jar:/Users/venerakadralieva/.m2/repository/com/fasterxml/jackson/core/jackson-core/2.9.8/jackson-core-2.9.8.jar:/Users/venerakadralieva/.m2/repository/io/rest-assured/rest-assured/4.2.0/rest-assured-4.2.0.jar:/Users/venerakadralieva/.m2/repository/org/codehaus/groovy/groovy/2.5.8/groovy-2.5.8.jar:/Users/venerakadralieva/.m2/repository/org/codehaus/groovy/groovy-xml/2.5.8/groovy-xml-2.5.8.jar:/Users/venerakadralieva/.m2/repository/org/hamcrest/hamcrest/2.1/hamcrest-2.1.jar:/Users/venerakadralieva/.m2/repository/org/ccil/cowan/tagsoup/tagsoup/1.2.1/tagsoup-1.2.1.jar:/Users/venerakadralieva/.m2/repository/io/rest-assured/json-path/4.2.0/json-path-4.2.0.jar:/Users/venerakadralieva/.m2/repository/org/codehaus/groovy/groovy-json/2.5.8/groovy-json-2.5.8.jar:/Users/venerakadralieva/.m2/repository/io/rest-assured/rest-assured-common/4.2.0/rest-assured-common-4.2.0.jar:/Users/venerakadralieva/.m2/repository/io/rest-assured/xml-path/4.2.0/xml-path-4.2.0.jar:/Users/venerakadralieva/.m2/repository/jakarta/xml/bind/jakarta.xml.bind-api/2.3.2/jakarta.xml.bind-api-2.3.2.jar:/Users/venerakadralieva/.m2/repository/jakarta/activation/jakarta.activation-api/1.2.1/jakarta.activation-api-1.2.1.jar:/Users/venerakadralieva/.m2/repository/com/sun/xml/bind/jaxb-osgi/2.3.0.1/jaxb-osgi-2.3.0.1.jar:/Users/venerakadralieva/.m2/repository/org/apache/sling/org.apache.sling.javax.activation/0.1.0/org.apache.sling.javax.activation-0.1.0.jar:/Users/venerakadralieva/.m2/repository/javax/activation/activation/1.1.1/activation-1.1.1.jar:/Users/venerakadralieva/.m2/repository/org/projectlombok/lombok/1.18.8/lombok-1.18.8.jar:/Users/venerakadralieva/.m2/repository/org/assertj/assertj-core/3.11.1/assertj-core-3.11.1.jar:/Users/venerakadralieva/.m2/repository/io/appium/java-client/7.3.0/java-client-7.3.0.jar:/Users/venerakadralieva/.m2/repository/cglib/cglib/3.2.12/cglib-3.2.12.jar:/Users/venerakadralieva/.m2/repository/org/ow2/asm/asm/7.1/asm-7.1.jar:/Users/venerakadralieva/.m2/repository/commons-validator/commons-validator/1.6/commons-validator-1.6.jar:/Users/venerakadralieva/.m2/repository/commons-beanutils/commons-beanutils/1.9.2/commons-beanutils-1.9.2.jar:/Users/venerakadralieva/.m2/repository/commons-digester/commons-digester/1.8.1/commons-digester-1.8.1.jar:/Users/venerakadralieva/.m2/repository/commons-collections/commons-collections/3.2.2/commons-collections-3.2.2.jar:/Users/venerakadralieva/.m2/repository/org/springframework/spring-context/5.1.8.RELEASE/spring-context-5.1.8.RELEASE.jar:/Users/venerakadralieva/.m2/repository/org/springframework/spring-aop/5.1.8.RELEASE/spring-aop-5.1.8.RELEASE.jar:/Users/venerakadralieva/.m2/repository/org/springframework/spring-beans/5.1.8.RELEASE/spring-beans-5.1.8.RELEASE.jar:/Users/venerakadralieva/.m2/repository/org/springframework/spring-core/5.1.8.RELEASE/spring-core-5.1.8.RELEASE.jar:/Users/venerakadralieva/.m2/repository/org/springframework/spring-jcl/5.1.8.RELEASE/spring-jcl-5.1.8.RELEASE.jar:/Users/venerakadralieva/.m2/repository/org/springframework/spring-expression/5.1.8.RELEASE/spring-expression-5.1.8.RELEASE.jar:/Users/venerakadralieva/.m2/repository/org/aspectj/aspectjweaver/1.9.4/aspectjweaver-1.9.4.jar:/Users/venerakadralieva/.m2/repository/io/rest-assured/json-schema-validator/4.0.0/json-schema-validator-4.0.0.jar:/Users/venerakadralieva/.m2/repository/com/github/java-json-tools/json-schema-validator/2.2.10/json-schema-validator-2.2.10.jar:/Users/venerakadralieva/.m2/repository/com/github/java-json-tools/json-schema-core/1.2.10/json-schema-core-1.2.10.jar:/Users/venerakadralieva/.m2/repository/com/github/java-json-tools/jackson-coreutils/1.9/jackson-coreutils-1.9.jar:/Users/venerakadralieva/.m2/repository/com/github/fge/msg-simple/1.1/msg-simple-1.1.jar:/Users/venerakadralieva/.m2/repository/com/github/fge/btf/1.2/btf-1.2.jar:/Users/venerakadralieva/.m2/repository/com/github/fge/uri-template/0.9/uri-template-0.9.jar:/Users/venerakadralieva/.m2/repository/org/mozilla/rhino/1.7.7.1/rhino-1.7.7.1.jar:/Users/venerakadralieva/.m2/repository/javax/mail/mailapi/1.4.3/mailapi-1.4.3.jar:/Users/venerakadralieva/.m2/repository/joda-time/joda-time/2.9.7/joda-time-2.9.7.jar:/Users/venerakadralieva/.m2/repository/com/googlecode/libphonenumber/libphonenumber/8.0.0/libphonenumber-8.0.0.jar:/Users/venerakadralieva/.m2/repository/net/sf/jopt-simple/jopt-simple/5.0.3/jopt-simple-5.0.3.jar:/Users/venerakadralieva/.m2/repository/org/hamcrest/hamcrest-core/2.1/hamcrest-core-2.1.jar:"/>
    <property name="sun.cpu.endian" value="little"/>
    <property name="user.home" value="/Users/venerakadralieva"/>
    <property name="user.language" value="en"/>
    <property name="java.specification.vendor" value="Oracle Corporation"/>
    <property name="java.version.date" value="2019-07-16"/>
    <property name="java.home" value="/Library/Java/JavaVirtualMachines/jdk-12.0.2.jdk/Contents/Home"/>
    <property name="file.separator" value="/"/>
    <property name="basedir" value="/Users/venerakadralieva/Desktop/WPFS/CucumberChicagoB14"/>
    <property name="java.vm.compressedOopsMode" value="Zero based"/>
    <property name="line.separator" value="&#10;"/>
    <property name="idea.version2019.2.3" value="true"/>
    <property name="java.vm.specification.vendor" value="Oracle Corporation"/>
    <property name="java.specification.name" value="Java Platform API Specification"/>
    <property name="java.awt.graphicsenv" value="sun.awt.CGraphicsEnvironment"/>
    <property name="surefire.real.class.path" value="/Users/venerakadralieva/Desktop/WPFS/CucumberChicagoB14/target/surefire/surefirebooter10486838392630306225.jar"/>
    <property name="sun.management.compiler" value="HotSpot 64-Bit Tiered Compilers"/>
    <property name="ftp.nonProxyHosts" value="local|*.local|169.254/16|*.169.254/16"/>
    <property name="java.runtime.version" value="12.0.2+10"/>
    <property name="user.name" value="venerakadralieva"/>
    <property name="path.separator" value=":"/>
    <property name="os.version" value="10.15"/>
    <property name="java.runtime.name" value="Java(TM) SE Runtime Environment"/>
    <property name="file.encoding" value="UTF-8"/>
    <property name="java.vm.name" value="Java HotSpot(TM) 64-Bit Server VM"/>
    <property name="localRepository" value="/Users/venerakadralieva/.m2/repository"/>
    <property name="java.vendor.url.bug" value="https://bugreport.java.com/bugreport/"/>
    <property name="java.io.tmpdir" value="/var/folders/vp/bz0x1t056t580snq2_qj1vjc0000gn/T/"/>
    <property name="java.version" value="12.0.2"/>
    <property name="user.dir" value="/Users/venerakadralieva/Desktop/WPFS/CucumberChicagoB14"/>
    <property name="os.arch" value="x86_64"/>
    <property name="java.vm.specification.name" value="Java Virtual Machine Specification"/>
    <property name="java.library.path" value="/Users/venerakadralieva/Library/Java/Extensions:/Library/Java/Extensions:/Network/Library/Java/Extensions:/System/Library/Java/Extensions:/usr/lib/java:."/>
    <property name="java.vm.info" value="mixed mode, sharing"/>
    <property name="java.vendor" value="Oracle Corporation"/>
    <property name="java.vm.version" value="12.0.2+10"/>
    <property name="sun.io.unicode.encoding" value="UnicodeBig"/>
    <property name="socksNonProxyHosts" value="local|*.local|169.254/16|*.169.254/16"/>
    <property name="java.class.version" value="56.0"/>
  </properties>
  <testcase name="Etsy search title verification" classname="Etsy search functionality" time="9.693">
    <error message="no such window: window was already closed&#10;  (Session info: chrome=80.0.3987.163)&#10;Build info: version: &apos;3.141.59&apos;, revision: &apos;e82be7d358&apos;, time: &apos;2018-11-14T08:17:03&apos;&#10;System info: host: &apos;VENERAs-MacBook-Pro.local&apos;, ip: &apos;fe80:0:0:0:1067:6807:b875:efac%en0&apos;, os.name: &apos;Mac OS X&apos;, os.arch: &apos;x86_64&apos;, os.version: &apos;10.15&apos;, java.version: &apos;12.0.2&apos;&#10;Driver info: org.openqa.selenium.chrome.ChromeDriver&#10;Capabilities {acceptInsecureCerts: false, browserName: chrome, browserVersion: 80.0.3987.163, chrome: {chromedriverVersion: 80.0.3987.106 (f68069574609..., userDataDir: /var/folders/vp/bz0x1t056t5...}, goog:chromeOptions: {debuggerAddress: localhost:56603}, javascriptEnabled: true, networkConnectionEnabled: false, pageLoadStrategy: normal, platform: MAC, platformName: MAC, proxy: Proxy(), setWindowRect: true, strictFileInteractability: false, timeouts: {implicit: 0, pageLoad: 300000, script: 30000}, unhandledPromptBehavior: dismiss and notify}&#10;Session ID: 2d641d21473cf7b22834d2aaa5ecf512&#10;*** Element info: {Using=id, value=global-enhancements-search-query}" type="org.openqa.selenium.NoSuchWindowException">org.openqa.selenium.NoSuchWindowException: 
no such window: window was already closed
  (Session info: chrome=80.0.3987.163)
Build info: version: '3.141.59', revision: 'e82be7d358', time: '2018-11-14T08:17:03'
System info: host: 'VENERAs-MacBook-Pro.local', ip: 'fe80:0:0:0:1067:6807:b875:efac%en0', os.name: 'Mac OS X', os.arch: 'x86_64', os.version: '10.15', java.version: '12.0.2'
Driver info: org.openqa.selenium.chrome.ChromeDriver
Capabilities {acceptInsecureCerts: false, browserName: chrome, browserVersion: 80.0.3987.163, chrome: {chromedriverVersion: 80.0.3987.106 (f68069574609..., userDataDir: /var/folders/vp/bz0x1t056t5...}, goog:chromeOptions: {debuggerAddress: localhost:56603}, javascriptEnabled: true, networkConnectionEnabled: false, pageLoadStrategy: normal, platform: MAC, platformName: MAC, proxy: Proxy(), setWindowRect: true, strictFileInteractability: false, timeouts: {implicit: 0, pageLoad: 300000, script: 30000}, unhandledPromptBehavior: dismiss and notify}
Session ID: 2d641d21473cf7b22834d2aaa5ecf512
*** Element info: {Using=id, value=global-enhancements-search-query}
</error>
    <system-out><![CDATA[[INFO ] 2020-04-07 22:07:05.795 [main] Log - Scenario start point: Etsy search title verification
]]></system-out>
    <system-err><![CDATA[SLF4J: Failed to load class "org.slf4j.impl.StaticLoggerBinder".
SLF4J: Defaulting to no-operation (NOP) logger implementation
SLF4J: See http://www.slf4j.org/codes.html#StaticLoggerBinder for further details.
Starting ChromeDriver 80.0.3987.106 (f68069574609230cf9b635cd784cfb1bf81bb53a-refs/branch-heads/3987@{#882}) on port 34827
Only local connections are allowed.
Please protect ports used by ChromeDriver and related test frameworks to prevent access by malicious code.
Apr 07, 2020 10:07:08 PM org.openqa.selenium.remote.ProtocolHandshake createSession
INFO: Detected dialect: W3C
[1586315229.396][SEVERE]: Timed out receiving message from renderer: 0.100
[1586315229.500][SEVERE]: Timed out receiving message from renderer: 0.100
[1586315229.602][SEVERE]: Timed out receiving message from renderer: 0.100
[1586315229.704][SEVERE]: Timed out receiving message from renderer: 0.100
]]></system-err>
  </testcase>
  <testcase name="Etsy search title verification" classname="Etsy search functionality" time="9.694">
    <error message="no such window: window was already closed&#10;  (Session info: chrome=80.0.3987.163)&#10;Build info: version: &apos;3.141.59&apos;, revision: &apos;e82be7d358&apos;, time: &apos;2018-11-14T08:17:03&apos;&#10;System info: host: &apos;VENERAs-MacBook-Pro.local&apos;, ip: &apos;fe80:0:0:0:1067:6807:b875:efac%en0&apos;, os.name: &apos;Mac OS X&apos;, os.arch: &apos;x86_64&apos;, os.version: &apos;10.15&apos;, java.version: &apos;12.0.2&apos;&#10;Driver info: org.openqa.selenium.chrome.ChromeDriver&#10;Capabilities {acceptInsecureCerts: false, browserName: chrome, browserVersion: 80.0.3987.163, chrome: {chromedriverVersion: 80.0.3987.106 (f68069574609..., userDataDir: /var/folders/vp/bz0x1t056t5...}, goog:chromeOptions: {debuggerAddress: localhost:56603}, javascriptEnabled: true, networkConnectionEnabled: false, pageLoadStrategy: normal, platform: MAC, platformName: MAC, proxy: Proxy(), setWindowRect: true, strictFileInteractability: false, timeouts: {implicit: 0, pageLoad: 300000, script: 30000}, unhandledPromptBehavior: dismiss and notify}&#10;Session ID: 2d641d21473cf7b22834d2aaa5ecf512" type="org.openqa.selenium.NoSuchWindowException">org.openqa.selenium.NoSuchWindowException: 
no such window: window was already closed
  (Session info: chrome=80.0.3987.163)
Build info: version: '3.141.59', revision: 'e82be7d358', time: '2018-11-14T08:17:03'
System info: host: 'VENERAs-MacBook-Pro.local', ip: 'fe80:0:0:0:1067:6807:b875:efac%en0', os.name: 'Mac OS X', os.arch: 'x86_64', os.version: '10.15', java.version: '12.0.2'
Driver info: org.openqa.selenium.chrome.ChromeDriver
Capabilities {acceptInsecureCerts: false, browserName: chrome, browserVersion: 80.0.3987.163, chrome: {chromedriverVersion: 80.0.3987.106 (f68069574609..., userDataDir: /var/folders/vp/bz0x1t056t5...}, goog:chromeOptions: {debuggerAddress: localhost:56603}, javascriptEnabled: true, networkConnectionEnabled: false, pageLoadStrategy: normal, platform: MAC, platformName: MAC, proxy: Proxy(), setWindowRect: true, strictFileInteractability: false, timeouts: {implicit: 0, pageLoad: 300000, script: 30000}, unhandledPromptBehavior: dismiss and notify}
Session ID: 2d641d21473cf7b22834d2aaa5ecf512
</error>
  </testcase>
  <testcase name="Etsy search title verification" classname="Etsy search functionality" time="0.013">
    <error message="no such window: window was already closed&#10;  (Session info: chrome=80.0.3987.163)&#10;Build info: version: &apos;3.141.59&apos;, revision: &apos;e82be7d358&apos;, time: &apos;2018-11-14T08:17:03&apos;&#10;System info: host: &apos;VENERAs-MacBook-Pro.local&apos;, ip: &apos;fe80:0:0:0:1067:6807:b875:efac%en0&apos;, os.name: &apos;Mac OS X&apos;, os.arch: &apos;x86_64&apos;, os.version: &apos;10.15&apos;, java.version: &apos;12.0.2&apos;&#10;Driver info: org.openqa.selenium.chrome.ChromeDriver&#10;Capabilities {acceptInsecureCerts: false, browserName: chrome, browserVersion: 80.0.3987.163, chrome: {chromedriverVersion: 80.0.3987.106 (f68069574609..., userDataDir: /var/folders/vp/bz0x1t056t5...}, goog:chromeOptions: {debuggerAddress: localhost:56603}, javascriptEnabled: true, networkConnectionEnabled: false, pageLoadStrategy: normal, platform: MAC, platformName: MAC, proxy: Proxy(), setWindowRect: true, strictFileInteractability: false, timeouts: {implicit: 0, pageLoad: 300000, script: 30000}, unhandledPromptBehavior: dismiss and notify}&#10;Session ID: 2d641d21473cf7b22834d2aaa5ecf512" type="org.openqa.selenium.NoSuchWindowException">org.openqa.selenium.NoSuchWindowException: 
no such window: window was already closed
  (Session info: chrome=80.0.3987.163)
Build info: version: '3.141.59', revision: 'e82be7d358', time: '2018-11-14T08:17:03'
System info: host: 'VENERAs-MacBook-Pro.local', ip: 'fe80:0:0:0:1067:6807:b875:efac%en0', os.name: 'Mac OS X', os.arch: 'x86_64', os.version: '10.15', java.version: '12.0.2'
Driver info: org.openqa.selenium.chrome.ChromeDriver
Capabilities {acceptInsecureCerts: false, browserName: chrome, browserVersion: 80.0.3987.163, chrome: {chromedriverVersion: 80.0.3987.106 (f68069574609..., userDataDir: /var/folders/vp/bz0x1t056t5...}, goog:chromeOptions: {debuggerAddress: localhost:56603}, javascriptEnabled: true, networkConnectionEnabled: false, pageLoadStrategy: normal, platform: MAC, platformName: MAC, proxy: Proxy(), setWindowRect: true, strictFileInteractability: false, timeouts: {implicit: 0, pageLoad: 300000, script: 30000}, unhandledPromptBehavior: dismiss and notify}
Session ID: 2d641d21473cf7b22834d2aaa5ecf512
</error>
    <system-out><![CDATA[[INFO ] 2020-04-07 22:07:10.055 [main] Log - Scenario start point: Etsy search title verification
]]></system-out>
  </testcase>
  <testcase name="Etsy search title verification" classname="Etsy search functionality" time="0.013">
    <error message="no such window: window was already closed&#10;  (Session info: chrome=80.0.3987.163)&#10;Build info: version: &apos;3.141.59&apos;, revision: &apos;e82be7d358&apos;, time: &apos;2018-11-14T08:17:03&apos;&#10;System info: host: &apos;VENERAs-MacBook-Pro.local&apos;, ip: &apos;fe80:0:0:0:1067:6807:b875:efac%en0&apos;, os.name: &apos;Mac OS X&apos;, os.arch: &apos;x86_64&apos;, os.version: &apos;10.15&apos;, java.version: &apos;12.0.2&apos;&#10;Driver info: org.openqa.selenium.chrome.ChromeDriver&#10;Capabilities {acceptInsecureCerts: false, browserName: chrome, browserVersion: 80.0.3987.163, chrome: {chromedriverVersion: 80.0.3987.106 (f68069574609..., userDataDir: /var/folders/vp/bz0x1t056t5...}, goog:chromeOptions: {debuggerAddress: localhost:56603}, javascriptEnabled: true, networkConnectionEnabled: false, pageLoadStrategy: normal, platform: MAC, platformName: MAC, proxy: Proxy(), setWindowRect: true, strictFileInteractability: false, timeouts: {implicit: 0, pageLoad: 300000, script: 30000}, unhandledPromptBehavior: dismiss and notify}&#10;Session ID: 2d641d21473cf7b22834d2aaa5ecf512" type="org.openqa.selenium.NoSuchWindowException">org.openqa.selenium.NoSuchWindowException: 
no such window: window was already closed
  (Session info: chrome=80.0.3987.163)
Build info: version: '3.141.59', revision: 'e82be7d358', time: '2018-11-14T08:17:03'
System info: host: 'VENERAs-MacBook-Pro.local', ip: 'fe80:0:0:0:1067:6807:b875:efac%en0', os.name: 'Mac OS X', os.arch: 'x86_64', os.version: '10.15', java.version: '12.0.2'
Driver info: org.openqa.selenium.chrome.ChromeDriver
Capabilities {acceptInsecureCerts: false, browserName: chrome, browserVersion: 80.0.3987.163, chrome: {chromedriverVersion: 80.0.3987.106 (f68069574609..., userDataDir: /var/folders/vp/bz0x1t056t5...}, goog:chromeOptions: {debuggerAddress: localhost:56603}, javascriptEnabled: true, networkConnectionEnabled: false, pageLoadStrategy: normal, platform: MAC, platformName: MAC, proxy: Proxy(), setWindowRect: true, strictFileInteractability: false, timeouts: {implicit: 0, pageLoad: 300000, script: 30000}, unhandledPromptBehavior: dismiss and notify}
Session ID: 2d641d21473cf7b22834d2aaa5ecf512
</error>
  </testcase>
</testsuite>