<?xml version="1.0" encoding="UTF-8"?>
<testsuite xmlns:xsi="http://www.w3.org/2001/XMLSchema-instance" xsi:noNamespaceSchemaLocation="https://maven.apache.org/surefire/maven-surefire-plugin/xsd/surefire-test-report-3.0.xsd" version="3.0" name="runners.CukesRunner" time="22.601" tests="1" errors="0" skipped="0" failures="0">
  <properties>
    <property name="awt.toolkit" value="sun.lwawt.macosx.LWCToolkit"/>
    <property name="java.specification.version" value="12"/>
    <property name="sun.jnu.encoding" value="UTF-8"/>
    <property name="java.class.path" value="/Users/venerakadralieva/Desktop/CucumberChicagoB14/target/test-classes:/Users/venerakadralieva/Desktop/CucumberChicagoB14/target/classes:/Users/venerakadralieva/.m2/repository/org/seleniumhq/selenium/selenium-java/3.141.59/selenium-java-3.141.59.jar:/Users/venerakadralieva/.m2/repository/org/seleniumhq/selenium/selenium-api/3.141.59/selenium-api-3.141.59.jar:/Users/venerakadralieva/.m2/repository/org/seleniumhq/selenium/selenium-chrome-driver/3.141.59/selenium-chrome-driver-3.141.59.jar:/Users/venerakadralieva/.m2/repository/org/seleniumhq/selenium/selenium-edge-driver/3.141.59/selenium-edge-driver-3.141.59.jar:/Users/venerakadralieva/.m2/repository/org/seleniumhq/selenium/selenium-firefox-driver/3.141.59/selenium-firefox-driver-3.141.59.jar:/Users/venerakadralieva/.m2/repository/org/seleniumhq/selenium/selenium-ie-driver/3.141.59/selenium-ie-driver-3.141.59.jar:/Users/venerakadralieva/.m2/repository/org/seleniumhq/selenium/selenium-opera-driver/3.141.59/selenium-opera-driver-3.141.59.jar:/Users/venerakadralieva/.m2/repository/org/seleniumhq/selenium/selenium-remote-driver/3.141.59/selenium-remote-driver-3.141.59.jar:/Users/venerakadralieva/.m2/repository/org/seleniumhq/selenium/selenium-safari-driver/3.141.59/selenium-safari-driver-3.141.59.jar:/Users/venerakadralieva/.m2/repository/org/seleniumhq/selenium/selenium-support/3.141.59/selenium-support-3.141.59.jar:/Users/venerakadralieva/.m2/repository/net/bytebuddy/byte-buddy/1.8.15/byte-buddy-1.8.15.jar:/Users/venerakadralieva/.m2/repository/org/apache/commons/commons-exec/1.3/commons-exec-1.3.jar:/Users/venerakadralieva/.m2/repository/com/google/guava/guava/25.0-jre/guava-25.0-jre.jar:/Users/venerakadralieva/.m2/repository/com/google/code/findbugs/jsr305/1.3.9/jsr305-1.3.9.jar:/Users/venerakadralieva/.m2/repository/org/checkerframework/checker-compat-qual/2.0.0/checker-compat-qual-2.0.0.jar:/Users/venerakadralieva/.m2/repository/com/google/errorprone/error_prone_annotations/2.1.3/error_prone_annotations-2.1.3.jar:/Users/venerakadralieva/.m2/repository/com/google/j2objc/j2objc-annotations/1.1/j2objc-annotations-1.1.jar:/Users/venerakadralieva/.m2/repository/org/codehaus/mojo/animal-sniffer-annotations/1.14/animal-sniffer-annotations-1.14.jar:/Users/venerakadralieva/.m2/repository/com/squareup/okhttp3/okhttp/3.11.0/okhttp-3.11.0.jar:/Users/venerakadralieva/.m2/repository/com/squareup/okio/okio/1.14.0/okio-1.14.0.jar:/Users/venerakadralieva/.m2/repository/io/github/bonigarcia/webdrivermanager/3.8.0/webdrivermanager-3.8.0.jar:/Users/venerakadralieva/.m2/repository/org/slf4j/slf4j-api/1.7.25/slf4j-api-1.7.25.jar:/Users/venerakadralieva/.m2/repository/commons-io/commons-io/2.6/commons-io-2.6.jar:/Users/venerakadralieva/.m2/repository/com/google/code/gson/gson/2.8.5/gson-2.8.5.jar:/Users/venerakadralieva/.m2/repository/org/apache/commons/commons-lang3/3.8.1/commons-lang3-3.8.1.jar:/Users/venerakadralieva/.m2/repository/org/apache/httpcomponents/httpclient/4.5.6/httpclient-4.5.6.jar:/Users/venerakadralieva/.m2/repository/org/apache/httpcomponents/httpcore/4.4.10/httpcore-4.4.10.jar:/Users/venerakadralieva/.m2/repository/commons-logging/commons-logging/1.2/commons-logging-1.2.jar:/Users/venerakadralieva/.m2/repository/commons-codec/commons-codec/1.10/commons-codec-1.10.jar:/Users/venerakadralieva/.m2/repository/org/rauschig/jarchivelib/1.0.0/jarchivelib-1.0.0.jar:/Users/venerakadralieva/.m2/repository/org/jsoup/jsoup/1.11.3/jsoup-1.11.3.jar:/Users/venerakadralieva/.m2/repository/com/github/javafaker/javafaker/1.0.1/javafaker-1.0.1.jar:/Users/venerakadralieva/.m2/repository/org/yaml/snakeyaml/1.23/snakeyaml-1.23-android.jar:/Users/venerakadralieva/.m2/repository/com/github/mifmif/generex/1.0.2/generex-1.0.2.jar:/Users/venerakadralieva/.m2/repository/dk/brics/automaton/automaton/1.11-8/automaton-1.11-8.jar:/Users/venerakadralieva/.m2/repository/io/cucumber/cucumber-java/4.2.0/cucumber-java-4.2.0.jar:/Users/venerakadralieva/.m2/repository/io/cucumber/cucumber-core/4.2.0/cucumber-core-4.2.0.jar:/Users/venerakadralieva/.m2/repository/io/cucumber/cucumber-html/0.2.7/cucumber-html-0.2.7.jar:/Users/venerakadralieva/.m2/repository/io/cucumber/gherkin/5.1.0/gherkin-5.1.0.jar:/Users/venerakadralieva/.m2/repository/io/cucumber/tag-expressions/1.1.1/tag-expressions-1.1.1.jar:/Users/venerakadralieva/.m2/repository/io/cucumber/cucumber-expressions/6.2.0/cucumber-expressions-6.2.0.jar:/Users/venerakadralieva/.m2/repository/io/cucumber/datatable/1.1.7/datatable-1.1.7.jar:/Users/venerakadralieva/.m2/repository/io/cucumber/datatable-dependencies/1.1.7/datatable-dependencies-1.1.7.jar:/Users/venerakadralieva/.m2/repository/io/cucumber/cucumber-junit/4.2.0/cucumber-junit-4.2.0.jar:/Users/venerakadralieva/.m2/repository/junit/junit/4.12/junit-4.12.jar:/Users/venerakadralieva/.m2/repository/org/hamcrest/hamcrest-core/1.3/hamcrest-core-1.3.jar:/Users/venerakadralieva/.m2/repository/org/apache/poi/poi-ooxml/4.1.2/poi-ooxml-4.1.2.jar:/Users/venerakadralieva/.m2/repository/org/apache/poi/poi/4.1.2/poi-4.1.2.jar:/Users/venerakadralieva/.m2/repository/org/apache/commons/commons-collections4/4.4/commons-collections4-4.4.jar:/Users/venerakadralieva/.m2/repository/org/apache/commons/commons-math3/3.6.1/commons-math3-3.6.1.jar:/Users/venerakadralieva/.m2/repository/com/zaxxer/SparseBitSet/1.2/SparseBitSet-1.2.jar:/Users/venerakadralieva/.m2/repository/org/apache/poi/poi-ooxml-schemas/4.1.2/poi-ooxml-schemas-4.1.2.jar:/Users/venerakadralieva/.m2/repository/org/apache/xmlbeans/xmlbeans/3.1.0/xmlbeans-3.1.0.jar:/Users/venerakadralieva/.m2/repository/org/apache/commons/commons-compress/1.19/commons-compress-1.19.jar:/Users/venerakadralieva/.m2/repository/com/github/virtuald/curvesapi/1.06/curvesapi-1.06.jar:/Users/venerakadralieva/.m2/repository/oracle/ojdbc6/11.2.0.3/ojdbc6-11.2.0.3.jar:/Users/venerakadralieva/.m2/repository/org/apache/logging/log4j/log4j-core/2.12.1/log4j-core-2.12.1.jar:/Users/venerakadralieva/.m2/repository/org/apache/logging/log4j/log4j-api/2.12.1/log4j-api-2.12.1.jar:/Users/venerakadralieva/.m2/repository/com/aventstack/extentreports/4.0.9/extentreports-4.0.9.jar:/Users/venerakadralieva/.m2/repository/org/freemarker/freemarker/2.3.23/freemarker-2.3.23.jar:/Users/venerakadralieva/.m2/repository/org/mongodb/mongodb-driver/3.3.0/mongodb-driver-3.3.0.jar:/Users/venerakadralieva/.m2/repository/org/mongodb/mongodb-driver-core/3.3.0/mongodb-driver-core-3.3.0.jar:/Users/venerakadralieva/.m2/repository/org/mongodb/bson/3.3.0/bson-3.3.0.jar:/Users/venerakadralieva/.m2/repository/org/apache/httpcomponents/httpmime/4.5.2/httpmime-4.5.2.jar:/Users/venerakadralieva/.m2/repository/com/fasterxml/jackson/core/jackson-databind/2.9.8/jackson-databind-2.9.8.jar:/Users/venerakadralieva/.m2/repository/com/fasterxml/jackson/core/jackson-annotations/2.9.0/jackson-annotations-2.9.0.jar:/Users/venerakadralieva/.m2/repository/com/fasterxml/jackson/core/jackson-core/2.9.8/jackson-core-2.9.8.jar:/Users/venerakadralieva/.m2/repository/io/rest-assured/rest-assured/4.2.0/rest-assured-4.2.0.jar:/Users/venerakadralieva/.m2/repository/org/codehaus/groovy/groovy/2.5.8/groovy-2.5.8.jar:/Users/venerakadralieva/.m2/repository/org/codehaus/groovy/groovy-xml/2.5.8/groovy-xml-2.5.8.jar:/Users/venerakadralieva/.m2/repository/org/hamcrest/hamcrest/2.1/hamcrest-2.1.jar:/Users/venerakadralieva/.m2/repository/org/ccil/cowan/tagsoup/tagsoup/1.2.1/tagsoup-1.2.1.jar:/Users/venerakadralieva/.m2/repository/io/rest-assured/json-path/4.2.0/json-path-4.2.0.jar:/Users/venerakadralieva/.m2/repository/org/codehaus/groovy/groovy-json/2.5.8/groovy-json-2.5.8.jar:/Users/venerakadralieva/.m2/repository/io/rest-assured/rest-assured-common/4.2.0/rest-assured-common-4.2.0.jar:/Users/venerakadralieva/.m2/repository/io/rest-assured/xml-path/4.2.0/xml-path-4.2.0.jar:/Users/venerakadralieva/.m2/repository/jakarta/xml/bind/jakarta.xml.bind-api/2.3.2/jakarta.xml.bind-api-2.3.2.jar:/Users/venerakadralieva/.m2/repository/jakarta/activation/jakarta.activation-api/1.2.1/jakarta.activation-api-1.2.1.jar:/Users/venerakadralieva/.m2/repository/com/sun/xml/bind/jaxb-osgi/2.3.0.1/jaxb-osgi-2.3.0.1.jar:/Users/venerakadralieva/.m2/repository/org/apache/sling/org.apache.sling.javax.activation/0.1.0/org.apache.sling.javax.activation-0.1.0.jar:/Users/venerakadralieva/.m2/repository/javax/activation/activation/1.1.1/activation-1.1.1.jar:/Users/venerakadralieva/.m2/repository/org/projectlombok/lombok/1.18.8/lombok-1.18.8.jar:/Users/venerakadralieva/.m2/repository/org/assertj/assertj-core/3.11.1/assertj-core-3.11.1.jar:"/>
    <property name="java.vm.vendor" value="Oracle Corporation"/>
    <property name="sun.arch.data.model" value="64"/>
    <property name="java.vendor.url" value="https://java.oracle.com/"/>
    <property name="os.name" value="Mac OS X"/>
    <property name="java.vm.specification.version" value="12"/>
    <property name="sun.java.launcher" value="SUN_STANDARD"/>
    <property name="user.country" value="US"/>
    <property name="sun.boot.library.path" value="/Library/Java/JavaVirtualMachines/jdk-12.0.2.jdk/Contents/Home/lib"/>
    <property name="sun.java.command" value="/Users/venerakadralieva/Desktop/CucumberChicagoB14/target/surefire/surefirebooter3940187597853706332.jar /Users/venerakadralieva/Desktop/CucumberChicagoB14/target/surefire 2020-03-22T14-39-41_295-jvmRun1 surefire406379473358746622tmp surefire_06025024124382265444tmp"/>
    <property name="http.nonProxyHosts" value="local|*.local|169.254/16|*.169.254/16"/>
    <property name="jdk.debug" value="release"/>
    <property name="surefire.test.class.path" value="/Users/venerakadralieva/Desktop/CucumberChicagoB14/target/test-classes:/Users/venerakadralieva/Desktop/CucumberChicagoB14/target/classes:/Users/venerakadralieva/.m2/repository/org/seleniumhq/selenium/selenium-java/3.141.59/selenium-java-3.141.59.jar:/Users/venerakadralieva/.m2/repository/org/seleniumhq/selenium/selenium-api/3.141.59/selenium-api-3.141.59.jar:/Users/venerakadralieva/.m2/repository/org/seleniumhq/selenium/selenium-chrome-driver/3.141.59/selenium-chrome-driver-3.141.59.jar:/Users/venerakadralieva/.m2/repository/org/seleniumhq/selenium/selenium-edge-driver/3.141.59/selenium-edge-driver-3.141.59.jar:/Users/venerakadralieva/.m2/repository/org/seleniumhq/selenium/selenium-firefox-driver/3.141.59/selenium-firefox-driver-3.141.59.jar:/Users/venerakadralieva/.m2/repository/org/seleniumhq/selenium/selenium-ie-driver/3.141.59/selenium-ie-driver-3.141.59.jar:/Users/venerakadralieva/.m2/repository/org/seleniumhq/selenium/selenium-opera-driver/3.141.59/selenium-opera-driver-3.141.59.jar:/Users/venerakadralieva/.m2/repository/org/seleniumhq/selenium/selenium-remote-driver/3.141.59/selenium-remote-driver-3.141.59.jar:/Users/venerakadralieva/.m2/repository/org/seleniumhq/selenium/selenium-safari-driver/3.141.59/selenium-safari-driver-3.141.59.jar:/Users/venerakadralieva/.m2/repository/org/seleniumhq/selenium/selenium-support/3.141.59/selenium-support-3.141.59.jar:/Users/venerakadralieva/.m2/repository/net/bytebuddy/byte-buddy/1.8.15/byte-buddy-1.8.15.jar:/Users/venerakadralieva/.m2/repository/org/apache/commons/commons-exec/1.3/commons-exec-1.3.jar:/Users/venerakadralieva/.m2/repository/com/google/guava/guava/25.0-jre/guava-25.0-jre.jar:/Users/venerakadralieva/.m2/repository/com/google/code/findbugs/jsr305/1.3.9/jsr305-1.3.9.jar:/Users/venerakadralieva/.m2/repository/org/checkerframework/checker-compat-qual/2.0.0/checker-compat-qual-2.0.0.jar:/Users/venerakadralieva/.m2/repository/com/google/errorprone/error_prone_annotations/2.1.3/error_prone_annotations-2.1.3.jar:/Users/venerakadralieva/.m2/repository/com/google/j2objc/j2objc-annotations/1.1/j2objc-annotations-1.1.jar:/Users/venerakadralieva/.m2/repository/org/codehaus/mojo/animal-sniffer-annotations/1.14/animal-sniffer-annotations-1.14.jar:/Users/venerakadralieva/.m2/repository/com/squareup/okhttp3/okhttp/3.11.0/okhttp-3.11.0.jar:/Users/venerakadralieva/.m2/repository/com/squareup/okio/okio/1.14.0/okio-1.14.0.jar:/Users/venerakadralieva/.m2/repository/io/github/bonigarcia/webdrivermanager/3.8.0/webdrivermanager-3.8.0.jar:/Users/venerakadralieva/.m2/repository/org/slf4j/slf4j-api/1.7.25/slf4j-api-1.7.25.jar:/Users/venerakadralieva/.m2/repository/commons-io/commons-io/2.6/commons-io-2.6.jar:/Users/venerakadralieva/.m2/repository/com/google/code/gson/gson/2.8.5/gson-2.8.5.jar:/Users/venerakadralieva/.m2/repository/org/apache/commons/commons-lang3/3.8.1/commons-lang3-3.8.1.jar:/Users/venerakadralieva/.m2/repository/org/apache/httpcomponents/httpclient/4.5.6/httpclient-4.5.6.jar:/Users/venerakadralieva/.m2/repository/org/apache/httpcomponents/httpcore/4.4.10/httpcore-4.4.10.jar:/Users/venerakadralieva/.m2/repository/commons-logging/commons-logging/1.2/commons-logging-1.2.jar:/Users/venerakadralieva/.m2/repository/commons-codec/commons-codec/1.10/commons-codec-1.10.jar:/Users/venerakadralieva/.m2/repository/org/rauschig/jarchivelib/1.0.0/jarchivelib-1.0.0.jar:/Users/venerakadralieva/.m2/repository/org/jsoup/jsoup/1.11.3/jsoup-1.11.3.jar:/Users/venerakadralieva/.m2/repository/com/github/javafaker/javafaker/1.0.1/javafaker-1.0.1.jar:/Users/venerakadralieva/.m2/repository/org/yaml/snakeyaml/1.23/snakeyaml-1.23-android.jar:/Users/venerakadralieva/.m2/repository/com/github/mifmif/generex/1.0.2/generex-1.0.2.jar:/Users/venerakadralieva/.m2/repository/dk/brics/automaton/automaton/1.11-8/automaton-1.11-8.jar:/Users/venerakadralieva/.m2/repository/io/cucumber/cucumber-java/4.2.0/cucumber-java-4.2.0.jar:/Users/venerakadralieva/.m2/repository/io/cucumber/cucumber-core/4.2.0/cucumber-core-4.2.0.jar:/Users/venerakadralieva/.m2/repository/io/cucumber/cucumber-html/0.2.7/cucumber-html-0.2.7.jar:/Users/venerakadralieva/.m2/repository/io/cucumber/gherkin/5.1.0/gherkin-5.1.0.jar:/Users/venerakadralieva/.m2/repository/io/cucumber/tag-expressions/1.1.1/tag-expressions-1.1.1.jar:/Users/venerakadralieva/.m2/repository/io/cucumber/cucumber-expressions/6.2.0/cucumber-expressions-6.2.0.jar:/Users/venerakadralieva/.m2/repository/io/cucumber/datatable/1.1.7/datatable-1.1.7.jar:/Users/venerakadralieva/.m2/repository/io/cucumber/datatable-dependencies/1.1.7/datatable-dependencies-1.1.7.jar:/Users/venerakadralieva/.m2/repository/io/cucumber/cucumber-junit/4.2.0/cucumber-junit-4.2.0.jar:/Users/venerakadralieva/.m2/repository/junit/junit/4.12/junit-4.12.jar:/Users/venerakadralieva/.m2/repository/org/hamcrest/hamcrest-core/1.3/hamcrest-core-1.3.jar:/Users/venerakadralieva/.m2/repository/org/apache/poi/poi-ooxml/4.1.2/poi-ooxml-4.1.2.jar:/Users/venerakadralieva/.m2/repository/org/apache/poi/poi/4.1.2/poi-4.1.2.jar:/Users/venerakadralieva/.m2/repository/org/apache/commons/commons-collections4/4.4/commons-collections4-4.4.jar:/Users/venerakadralieva/.m2/repository/org/apache/commons/commons-math3/3.6.1/commons-math3-3.6.1.jar:/Users/venerakadralieva/.m2/repository/com/zaxxer/SparseBitSet/1.2/SparseBitSet-1.2.jar:/Users/venerakadralieva/.m2/repository/org/apache/poi/poi-ooxml-schemas/4.1.2/poi-ooxml-schemas-4.1.2.jar:/Users/venerakadralieva/.m2/repository/org/apache/xmlbeans/xmlbeans/3.1.0/xmlbeans-3.1.0.jar:/Users/venerakadralieva/.m2/repository/org/apache/commons/commons-compress/1.19/commons-compress-1.19.jar:/Users/venerakadralieva/.m2/repository/com/github/virtuald/curvesapi/1.06/curvesapi-1.06.jar:/Users/venerakadralieva/.m2/repository/oracle/ojdbc6/11.2.0.3/ojdbc6-11.2.0.3.jar:/Users/venerakadralieva/.m2/repository/org/apache/logging/log4j/log4j-core/2.12.1/log4j-core-2.12.1.jar:/Users/venerakadralieva/.m2/repository/org/apache/logging/log4j/log4j-api/2.12.1/log4j-api-2.12.1.jar:/Users/venerakadralieva/.m2/repository/com/aventstack/extentreports/4.0.9/extentreports-4.0.9.jar:/Users/venerakadralieva/.m2/repository/org/freemarker/freemarker/2.3.23/freemarker-2.3.23.jar:/Users/venerakadralieva/.m2/repository/org/mongodb/mongodb-driver/3.3.0/mongodb-driver-3.3.0.jar:/Users/venerakadralieva/.m2/repository/org/mongodb/mongodb-driver-core/3.3.0/mongodb-driver-core-3.3.0.jar:/Users/venerakadralieva/.m2/repository/org/mongodb/bson/3.3.0/bson-3.3.0.jar:/Users/venerakadralieva/.m2/repository/org/apache/httpcomponents/httpmime/4.5.2/httpmime-4.5.2.jar:/Users/venerakadralieva/.m2/repository/com/fasterxml/jackson/core/jackson-databind/2.9.8/jackson-databind-2.9.8.jar:/Users/venerakadralieva/.m2/repository/com/fasterxml/jackson/core/jackson-annotations/2.9.0/jackson-annotations-2.9.0.jar:/Users/venerakadralieva/.m2/repository/com/fasterxml/jackson/core/jackson-core/2.9.8/jackson-core-2.9.8.jar:/Users/venerakadralieva/.m2/repository/io/rest-assured/rest-assured/4.2.0/rest-assured-4.2.0.jar:/Users/venerakadralieva/.m2/repository/org/codehaus/groovy/groovy/2.5.8/groovy-2.5.8.jar:/Users/venerakadralieva/.m2/repository/org/codehaus/groovy/groovy-xml/2.5.8/groovy-xml-2.5.8.jar:/Users/venerakadralieva/.m2/repository/org/hamcrest/hamcrest/2.1/hamcrest-2.1.jar:/Users/venerakadralieva/.m2/repository/org/ccil/cowan/tagsoup/tagsoup/1.2.1/tagsoup-1.2.1.jar:/Users/venerakadralieva/.m2/repository/io/rest-assured/json-path/4.2.0/json-path-4.2.0.jar:/Users/venerakadralieva/.m2/repository/org/codehaus/groovy/groovy-json/2.5.8/groovy-json-2.5.8.jar:/Users/venerakadralieva/.m2/repository/io/rest-assured/rest-assured-common/4.2.0/rest-assured-common-4.2.0.jar:/Users/venerakadralieva/.m2/repository/io/rest-assured/xml-path/4.2.0/xml-path-4.2.0.jar:/Users/venerakadralieva/.m2/repository/jakarta/xml/bind/jakarta.xml.bind-api/2.3.2/jakarta.xml.bind-api-2.3.2.jar:/Users/venerakadralieva/.m2/repository/jakarta/activation/jakarta.activation-api/1.2.1/jakarta.activation-api-1.2.1.jar:/Users/venerakadralieva/.m2/repository/com/sun/xml/bind/jaxb-osgi/2.3.0.1/jaxb-osgi-2.3.0.1.jar:/Users/venerakadralieva/.m2/repository/org/apache/sling/org.apache.sling.javax.activation/0.1.0/org.apache.sling.javax.activation-0.1.0.jar:/Users/venerakadralieva/.m2/repository/javax/activation/activation/1.1.1/activation-1.1.1.jar:/Users/venerakadralieva/.m2/repository/org/projectlombok/lombok/1.18.8/lombok-1.18.8.jar:/Users/venerakadralieva/.m2/repository/org/assertj/assertj-core/3.11.1/assertj-core-3.11.1.jar:"/>
    <property name="sun.cpu.endian" value="little"/>
    <property name="user.home" value="/Users/venerakadralieva"/>
    <property name="user.language" value="en"/>
    <property name="java.specification.vendor" value="Oracle Corporation"/>
    <property name="java.version.date" value="2019-07-16"/>
    <property name="java.home" value="/Library/Java/JavaVirtualMachines/jdk-12.0.2.jdk/Contents/Home"/>
    <property name="file.separator" value="/"/>
    <property name="basedir" value="/Users/venerakadralieva/Desktop/CucumberChicagoB14"/>
    <property name="java.vm.compressedOopsMode" value="Zero based"/>
    <property name="line.separator" value="&#10;"/>
    <property name="java.vm.specification.vendor" value="Oracle Corporation"/>
    <property name="java.specification.name" value="Java Platform API Specification"/>
    <property name="java.awt.graphicsenv" value="sun.awt.CGraphicsEnvironment"/>
    <property name="surefire.real.class.path" value="/Users/venerakadralieva/Desktop/CucumberChicagoB14/target/surefire/surefirebooter3940187597853706332.jar"/>
    <property name="sun.management.compiler" value="HotSpot 64-Bit Tiered Compilers"/>
    <property name="ftp.nonProxyHosts" value="local|*.local|169.254/16|*.169.254/16"/>
    <property name="java.runtime.version" value="12.0.2+10"/>
    <property name="user.name" value="venerakadralieva"/>
    <property name="path.separator" value=":"/>
    <property name="os.version" value="10.15"/>
    <property name="java.runtime.name" value="Java(TM) SE Runtime Environment"/>
    <property name="file.encoding" value="UTF-8"/>
    <property name="java.vm.name" value="Java HotSpot(TM) 64-Bit Server VM"/>
    <property name="localRepository" value="/Users/venerakadralieva/.m2/repository"/>
    <property name="cucumber.options" value="--tags @e2eUIvsAPI"/>
    <property name="java.vendor.url.bug" value="https://bugreport.java.com/bugreport/"/>
    <property name="java.io.tmpdir" value="/var/folders/vp/bz0x1t056t580snq2_qj1vjc0000gn/T/"/>
    <property name="java.version" value="12.0.2"/>
    <property name="user.dir" value="/Users/venerakadralieva/Desktop/CucumberChicagoB14"/>
    <property name="os.arch" value="x86_64"/>
    <property name="java.vm.specification.name" value="Java Virtual Machine Specification"/>
    <property name="java.library.path" value="/Users/venerakadralieva/Library/Java/Extensions:/Library/Java/Extensions:/Network/Library/Java/Extensions:/System/Library/Java/Extensions:/usr/lib/java:."/>
    <property name="java.vm.info" value="mixed mode, sharing"/>
    <property name="java.vendor" value="Oracle Corporation"/>
    <property name="java.vm.version" value="12.0.2+10"/>
    <property name="sun.io.unicode.encoding" value="UnicodeBig"/>
    <property name="socksNonProxyHosts" value="local|*.local|169.254/16|*.169.254/16"/>
    <property name="java.class.version" value="56.0"/>
  </properties>
  <testcase name="UI vs API cross data validation" classname="Teacher Details End to End  for UI vs API" time="22.069"/>
</testsuite>