<?xml version="1.0" encoding="UTF-8"?>
<testsuite xmlns:xsi="http://www.w3.org/2001/XMLSchema-instance" xsi:noNamespaceSchemaLocation="https://maven.apache.org/surefire/maven-surefire-plugin/xsd/surefire-test-report-3.0.xsd" version="3.0" name="runners.CukesRunner" time="37.752" tests="1" errors="1" skipped="0" failures="0">
  <properties>
    <property name="awt.toolkit" value="sun.lwawt.macosx.LWCToolkit"/>
    <property name="java.specification.version" value="12"/>
    <property name="sun.jnu.encoding" value="UTF-8"/>
    <property name="java.class.path" value="/Users/venerakadralieva/Desktop/CucumberChicagoB14/target/test-classes:/Users/venerakadralieva/Desktop/CucumberChicagoB14/target/classes:/Users/venerakadralieva/.m2/repository/org/seleniumhq/selenium/selenium-java/3.141.59/selenium-java-3.141.59.jar:/Users/venerakadralieva/.m2/repository/org/seleniumhq/selenium/selenium-api/3.141.59/selenium-api-3.141.59.jar:/Users/venerakadralieva/.m2/repository/org/seleniumhq/selenium/selenium-chrome-driver/3.141.59/selenium-chrome-driver-3.141.59.jar:/Users/venerakadralieva/.m2/repository/org/seleniumhq/selenium/selenium-edge-driver/3.141.59/selenium-edge-driver-3.141.59.jar:/Users/venerakadralieva/.m2/repository/org/seleniumhq/selenium/selenium-firefox-driver/3.141.59/selenium-firefox-driver-3.141.59.jar:/Users/venerakadralieva/.m2/repository/org/seleniumhq/selenium/selenium-ie-driver/3.141.59/selenium-ie-driver-3.141.59.jar:/Users/venerakadralieva/.m2/repository/org/seleniumhq/selenium/selenium-opera-driver/3.141.59/selenium-opera-driver-3.141.59.jar:/Users/venerakadralieva/.m2/repository/org/seleniumhq/selenium/selenium-remote-driver/3.141.59/selenium-remote-driver-3.141.59.jar:/Users/venerakadralieva/.m2/repository/org/seleniumhq/selenium/selenium-safari-driver/3.141.59/selenium-safari-driver-3.141.59.jar:/Users/venerakadralieva/.m2/repository/org/seleniumhq/selenium/selenium-support/3.141.59/selenium-support-3.141.59.jar:/Users/venerakadralieva/.m2/repository/net/bytebuddy/byte-buddy/1.8.15/byte-buddy-1.8.15.jar:/Users/venerakadralieva/.m2/repository/org/apache/commons/commons-exec/1.3/commons-exec-1.3.jar:/Users/venerakadralieva/.m2/repository/com/google/guava/guava/25.0-jre/guava-25.0-jre.jar:/Users/venerakadralieva/.m2/repository/com/google/code/findbugs/jsr305/1.3.9/jsr305-1.3.9.jar:/Users/venerakadralieva/.m2/repository/org/checkerframework/checker-compat-qual/2.0.0/checker-compat-qual-2.0.0.jar:/Users/venerakadralieva/.m2/repository/com/google/errorprone/error_prone_annotations/2.1.3/error_prone_annotations-2.1.3.jar:/Users/venerakadralieva/.m2/repository/com/google/j2objc/j2objc-annotations/1.1/j2objc-annotations-1.1.jar:/Users/venerakadralieva/.m2/repository/org/codehaus/mojo/animal-sniffer-annotations/1.14/animal-sniffer-annotations-1.14.jar:/Users/venerakadralieva/.m2/repository/com/squareup/okhttp3/okhttp/3.11.0/okhttp-3.11.0.jar:/Users/venerakadralieva/.m2/repository/com/squareup/okio/okio/1.14.0/okio-1.14.0.jar:/Users/venerakadralieva/.m2/repository/io/github/bonigarcia/webdrivermanager/3.8.0/webdrivermanager-3.8.0.jar:/Users/venerakadralieva/.m2/repository/org/slf4j/slf4j-api/1.7.25/slf4j-api-1.7.25.jar:/Users/venerakadralieva/.m2/repository/commons-io/commons-io/2.6/commons-io-2.6.jar:/Users/venerakadralieva/.m2/repository/com/google/code/gson/gson/2.8.5/gson-2.8.5.jar:/Users/venerakadralieva/.m2/repository/org/apache/commons/commons-lang3/3.8.1/commons-lang3-3.8.1.jar:/Users/venerakadralieva/.m2/repository/org/apache/httpcomponents/httpclient/4.5.6/httpclient-4.5.6.jar:/Users/venerakadralieva/.m2/repository/org/apache/httpcomponents/httpcore/4.4.10/httpcore-4.4.10.jar:/Users/venerakadralieva/.m2/repository/commons-logging/commons-logging/1.2/commons-logging-1.2.jar:/Users/venerakadralieva/.m2/repository/commons-codec/commons-codec/1.10/commons-codec-1.10.jar:/Users/venerakadralieva/.m2/repository/org/rauschig/jarchivelib/1.0.0/jarchivelib-1.0.0.jar:/Users/venerakadralieva/.m2/repository/org/jsoup/jsoup/1.11.3/jsoup-1.11.3.jar:/Users/venerakadralieva/.m2/repository/com/github/javafaker/javafaker/1.0.1/javafaker-1.0.1.jar:/Users/venerakadralieva/.m2/repository/org/yaml/snakeyaml/1.23/snakeyaml-1.23-android.jar:/Users/venerakadralieva/.m2/repository/com/github/mifmif/generex/1.0.2/generex-1.0.2.jar:/Users/venerakadralieva/.m2/repository/dk/brics/automaton/automaton/1.11-8/automaton-1.11-8.jar:/Users/venerakadralieva/.m2/repository/io/cucumber/cucumber-java/4.2.0/cucumber-java-4.2.0.jar:/Users/venerakadralieva/.m2/repository/io/cucumber/cucumber-core/4.2.0/cucumber-core-4.2.0.jar:/Users/venerakadralieva/.m2/repository/io/cucumber/cucumber-html/0.2.7/cucumber-html-0.2.7.jar:/Users/venerakadralieva/.m2/repository/io/cucumber/gherkin/5.1.0/gherkin-5.1.0.jar:/Users/venerakadralieva/.m2/repository/io/cucumber/tag-expressions/1.1.1/tag-expressions-1.1.1.jar:/Users/venerakadralieva/.m2/repository/io/cucumber/cucumber-expressions/6.2.0/cucumber-expressions-6.2.0.jar:/Users/venerakadralieva/.m2/repository/io/cucumber/datatable/1.1.7/datatable-1.1.7.jar:/Users/venerakadralieva/.m2/repository/io/cucumber/datatable-dependencies/1.1.7/datatable-dependencies-1.1.7.jar:/Users/venerakadralieva/.m2/repository/io/cucumber/cucumber-junit/4.2.0/cucumber-junit-4.2.0.jar:/Users/venerakadralieva/.m2/repository/junit/junit/4.12/junit-4.12.jar:/Users/venerakadralieva/.m2/repository/org/hamcrest/hamcrest-core/1.3/hamcrest-core-1.3.jar:/Users/venerakadralieva/.m2/repository/org/apache/poi/poi-ooxml/4.1.2/poi-ooxml-4.1.2.jar:/Users/venerakadralieva/.m2/repository/org/apache/poi/poi/4.1.2/poi-4.1.2.jar:/Users/venerakadralieva/.m2/repository/org/apache/commons/commons-collections4/4.4/commons-collections4-4.4.jar:/Users/venerakadralieva/.m2/repository/org/apache/commons/commons-math3/3.6.1/commons-math3-3.6.1.jar:/Users/venerakadralieva/.m2/repository/com/zaxxer/SparseBitSet/1.2/SparseBitSet-1.2.jar:/Users/venerakadralieva/.m2/repository/org/apache/poi/poi-ooxml-schemas/4.1.2/poi-ooxml-schemas-4.1.2.jar:/Users/venerakadralieva/.m2/repository/org/apache/xmlbeans/xmlbeans/3.1.0/xmlbeans-3.1.0.jar:/Users/venerakadralieva/.m2/repository/org/apache/commons/commons-compress/1.19/commons-compress-1.19.jar:/Users/venerakadralieva/.m2/repository/com/github/virtuald/curvesapi/1.06/curvesapi-1.06.jar:/Users/venerakadralieva/.m2/repository/oracle/ojdbc6/11.2.0.3/ojdbc6-11.2.0.3.jar:/Users/venerakadralieva/.m2/repository/org/apache/logging/log4j/log4j-core/2.12.1/log4j-core-2.12.1.jar:/Users/venerakadralieva/.m2/repository/org/apache/logging/log4j/log4j-api/2.12.1/log4j-api-2.12.1.jar:/Users/venerakadralieva/.m2/repository/com/aventstack/extentreports/4.0.9/extentreports-4.0.9.jar:/Users/venerakadralieva/.m2/repository/org/freemarker/freemarker/2.3.23/freemarker-2.3.23.jar:/Users/venerakadralieva/.m2/repository/org/mongodb/mongodb-driver/3.3.0/mongodb-driver-3.3.0.jar:/Users/venerakadralieva/.m2/repository/org/mongodb/mongodb-driver-core/3.3.0/mongodb-driver-core-3.3.0.jar:/Users/venerakadralieva/.m2/repository/org/mongodb/bson/3.3.0/bson-3.3.0.jar:/Users/venerakadralieva/.m2/repository/org/apache/httpcomponents/httpmime/4.5.2/httpmime-4.5.2.jar:/Users/venerakadralieva/.m2/repository/com/fasterxml/jackson/core/jackson-databind/2.9.8/jackson-databind-2.9.8.jar:/Users/venerakadralieva/.m2/repository/com/fasterxml/jackson/core/jackson-annotations/2.9.0/jackson-annotations-2.9.0.jar:/Users/venerakadralieva/.m2/repository/com/fasterxml/jackson/core/jackson-core/2.9.8/jackson-core-2.9.8.jar:/Users/venerakadralieva/.m2/repository/io/rest-assured/rest-assured/4.2.0/rest-assured-4.2.0.jar:/Users/venerakadralieva/.m2/repository/org/codehaus/groovy/groovy/2.5.8/groovy-2.5.8.jar:/Users/venerakadralieva/.m2/repository/org/codehaus/groovy/groovy-xml/2.5.8/groovy-xml-2.5.8.jar:/Users/venerakadralieva/.m2/repository/org/hamcrest/hamcrest/2.1/hamcrest-2.1.jar:/Users/venerakadralieva/.m2/repository/org/ccil/cowan/tagsoup/tagsoup/1.2.1/tagsoup-1.2.1.jar:/Users/venerakadralieva/.m2/repository/io/rest-assured/json-path/4.2.0/json-path-4.2.0.jar:/Users/venerakadralieva/.m2/repository/org/codehaus/groovy/groovy-json/2.5.8/groovy-json-2.5.8.jar:/Users/venerakadralieva/.m2/repository/io/rest-assured/rest-assured-common/4.2.0/rest-assured-common-4.2.0.jar:/Users/venerakadralieva/.m2/repository/io/rest-assured/xml-path/4.2.0/xml-path-4.2.0.jar:/Users/venerakadralieva/.m2/repository/jakarta/xml/bind/jakarta.xml.bind-api/2.3.2/jakarta.xml.bind-api-2.3.2.jar:/Users/venerakadralieva/.m2/repository/jakarta/activation/jakarta.activation-api/1.2.1/jakarta.activation-api-1.2.1.jar:/Users/venerakadralieva/.m2/repository/com/sun/xml/bind/jaxb-osgi/2.3.0.1/jaxb-osgi-2.3.0.1.jar:/Users/venerakadralieva/.m2/repository/org/apache/sling/org.apache.sling.javax.activation/0.1.0/org.apache.sling.javax.activation-0.1.0.jar:/Users/venerakadralieva/.m2/repository/javax/activation/activation/1.1.1/activation-1.1.1.jar:/Users/venerakadralieva/.m2/repository/org/projectlombok/lombok/1.18.8/lombok-1.18.8.jar:/Users/venerakadralieva/.m2/repository/org/assertj/assertj-core/3.11.1/assertj-core-3.11.1.jar:/Users/venerakadralieva/.m2/repository/io/appium/java-client/7.3.0/java-client-7.3.0.jar:/Users/venerakadralieva/.m2/repository/cglib/cglib/3.2.12/cglib-3.2.12.jar:/Users/venerakadralieva/.m2/repository/org/ow2/asm/asm/7.1/asm-7.1.jar:/Users/venerakadralieva/.m2/repository/commons-validator/commons-validator/1.6/commons-validator-1.6.jar:/Users/venerakadralieva/.m2/repository/commons-beanutils/commons-beanutils/1.9.2/commons-beanutils-1.9.2.jar:/Users/venerakadralieva/.m2/repository/commons-digester/commons-digester/1.8.1/commons-digester-1.8.1.jar:/Users/venerakadralieva/.m2/repository/commons-collections/commons-collections/3.2.2/commons-collections-3.2.2.jar:/Users/venerakadralieva/.m2/repository/org/springframework/spring-context/5.1.8.RELEASE/spring-context-5.1.8.RELEASE.jar:/Users/venerakadralieva/.m2/repository/org/springframework/spring-aop/5.1.8.RELEASE/spring-aop-5.1.8.RELEASE.jar:/Users/venerakadralieva/.m2/repository/org/springframework/spring-beans/5.1.8.RELEASE/spring-beans-5.1.8.RELEASE.jar:/Users/venerakadralieva/.m2/repository/org/springframework/spring-core/5.1.8.RELEASE/spring-core-5.1.8.RELEASE.jar:/Users/venerakadralieva/.m2/repository/org/springframework/spring-jcl/5.1.8.RELEASE/spring-jcl-5.1.8.RELEASE.jar:/Users/venerakadralieva/.m2/repository/org/springframework/spring-expression/5.1.8.RELEASE/spring-expression-5.1.8.RELEASE.jar:/Users/venerakadralieva/.m2/repository/org/aspectj/aspectjweaver/1.9.4/aspectjweaver-1.9.4.jar:"/>
    <property name="java.vm.vendor" value="Oracle Corporation"/>
    <property name="sun.arch.data.model" value="64"/>
    <property name="java.vendor.url" value="https://java.oracle.com/"/>
    <property name="os.name" value="Mac OS X"/>
    <property name="java.vm.specification.version" value="12"/>
    <property name="sun.java.launcher" value="SUN_STANDARD"/>
    <property name="user.country" value="US"/>
    <property name="sun.boot.library.path" value="/Library/Java/JavaVirtualMachines/jdk-12.0.2.jdk/Contents/Home/lib"/>
    <property name="sun.java.command" value="/Users/venerakadralieva/Desktop/CucumberChicagoB14/target/surefire/surefirebooter15945478316177434450.jar /Users/venerakadralieva/Desktop/CucumberChicagoB14/target/surefire 2020-03-26T23-11-44_968-jvmRun1 surefire14767249173289110599tmp surefire_07546509212554707284tmp"/>
    <property name="http.nonProxyHosts" value="local|*.local|169.254/16|*.169.254/16"/>
    <property name="jdk.debug" value="release"/>
    <property name="surefire.test.class.path" value="/Users/venerakadralieva/Desktop/CucumberChicagoB14/target/test-classes:/Users/venerakadralieva/Desktop/CucumberChicagoB14/target/classes:/Users/venerakadralieva/.m2/repository/org/seleniumhq/selenium/selenium-java/3.141.59/selenium-java-3.141.59.jar:/Users/venerakadralieva/.m2/repository/org/seleniumhq/selenium/selenium-api/3.141.59/selenium-api-3.141.59.jar:/Users/venerakadralieva/.m2/repository/org/seleniumhq/selenium/selenium-chrome-driver/3.141.59/selenium-chrome-driver-3.141.59.jar:/Users/venerakadralieva/.m2/repository/org/seleniumhq/selenium/selenium-edge-driver/3.141.59/selenium-edge-driver-3.141.59.jar:/Users/venerakadralieva/.m2/repository/org/seleniumhq/selenium/selenium-firefox-driver/3.141.59/selenium-firefox-driver-3.141.59.jar:/Users/venerakadralieva/.m2/repository/org/seleniumhq/selenium/selenium-ie-driver/3.141.59/selenium-ie-driver-3.141.59.jar:/Users/venerakadralieva/.m2/repository/org/seleniumhq/selenium/selenium-opera-driver/3.141.59/selenium-opera-driver-3.141.59.jar:/Users/venerakadralieva/.m2/repository/org/seleniumhq/selenium/selenium-remote-driver/3.141.59/selenium-remote-driver-3.141.59.jar:/Users/venerakadralieva/.m2/repository/org/seleniumhq/selenium/selenium-safari-driver/3.141.59/selenium-safari-driver-3.141.59.jar:/Users/venerakadralieva/.m2/repository/org/seleniumhq/selenium/selenium-support/3.141.59/selenium-support-3.141.59.jar:/Users/venerakadralieva/.m2/repository/net/bytebuddy/byte-buddy/1.8.15/byte-buddy-1.8.15.jar:/Users/venerakadralieva/.m2/repository/org/apache/commons/commons-exec/1.3/commons-exec-1.3.jar:/Users/venerakadralieva/.m2/repository/com/google/guava/guava/25.0-jre/guava-25.0-jre.jar:/Users/venerakadralieva/.m2/repository/com/google/code/findbugs/jsr305/1.3.9/jsr305-1.3.9.jar:/Users/venerakadralieva/.m2/repository/org/checkerframework/checker-compat-qual/2.0.0/checker-compat-qual-2.0.0.jar:/Users/venerakadralieva/.m2/repository/com/google/errorprone/error_prone_annotations/2.1.3/error_prone_annotations-2.1.3.jar:/Users/venerakadralieva/.m2/repository/com/google/j2objc/j2objc-annotations/1.1/j2objc-annotations-1.1.jar:/Users/venerakadralieva/.m2/repository/org/codehaus/mojo/animal-sniffer-annotations/1.14/animal-sniffer-annotations-1.14.jar:/Users/venerakadralieva/.m2/repository/com/squareup/okhttp3/okhttp/3.11.0/okhttp-3.11.0.jar:/Users/venerakadralieva/.m2/repository/com/squareup/okio/okio/1.14.0/okio-1.14.0.jar:/Users/venerakadralieva/.m2/repository/io/github/bonigarcia/webdrivermanager/3.8.0/webdrivermanager-3.8.0.jar:/Users/venerakadralieva/.m2/repository/org/slf4j/slf4j-api/1.7.25/slf4j-api-1.7.25.jar:/Users/venerakadralieva/.m2/repository/commons-io/commons-io/2.6/commons-io-2.6.jar:/Users/venerakadralieva/.m2/repository/com/google/code/gson/gson/2.8.5/gson-2.8.5.jar:/Users/venerakadralieva/.m2/repository/org/apache/commons/commons-lang3/3.8.1/commons-lang3-3.8.1.jar:/Users/venerakadralieva/.m2/repository/org/apache/httpcomponents/httpclient/4.5.6/httpclient-4.5.6.jar:/Users/venerakadralieva/.m2/repository/org/apache/httpcomponents/httpcore/4.4.10/httpcore-4.4.10.jar:/Users/venerakadralieva/.m2/repository/commons-logging/commons-logging/1.2/commons-logging-1.2.jar:/Users/venerakadralieva/.m2/repository/commons-codec/commons-codec/1.10/commons-codec-1.10.jar:/Users/venerakadralieva/.m2/repository/org/rauschig/jarchivelib/1.0.0/jarchivelib-1.0.0.jar:/Users/venerakadralieva/.m2/repository/org/jsoup/jsoup/1.11.3/jsoup-1.11.3.jar:/Users/venerakadralieva/.m2/repository/com/github/javafaker/javafaker/1.0.1/javafaker-1.0.1.jar:/Users/venerakadralieva/.m2/repository/org/yaml/snakeyaml/1.23/snakeyaml-1.23-android.jar:/Users/venerakadralieva/.m2/repository/com/github/mifmif/generex/1.0.2/generex-1.0.2.jar:/Users/venerakadralieva/.m2/repository/dk/brics/automaton/automaton/1.11-8/automaton-1.11-8.jar:/Users/venerakadralieva/.m2/repository/io/cucumber/cucumber-java/4.2.0/cucumber-java-4.2.0.jar:/Users/venerakadralieva/.m2/repository/io/cucumber/cucumber-core/4.2.0/cucumber-core-4.2.0.jar:/Users/venerakadralieva/.m2/repository/io/cucumber/cucumber-html/0.2.7/cucumber-html-0.2.7.jar:/Users/venerakadralieva/.m2/repository/io/cucumber/gherkin/5.1.0/gherkin-5.1.0.jar:/Users/venerakadralieva/.m2/repository/io/cucumber/tag-expressions/1.1.1/tag-expressions-1.1.1.jar:/Users/venerakadralieva/.m2/repository/io/cucumber/cucumber-expressions/6.2.0/cucumber-expressions-6.2.0.jar:/Users/venerakadralieva/.m2/repository/io/cucumber/datatable/1.1.7/datatable-1.1.7.jar:/Users/venerakadralieva/.m2/repository/io/cucumber/datatable-dependencies/1.1.7/datatable-dependencies-1.1.7.jar:/Users/venerakadralieva/.m2/repository/io/cucumber/cucumber-junit/4.2.0/cucumber-junit-4.2.0.jar:/Users/venerakadralieva/.m2/repository/junit/junit/4.12/junit-4.12.jar:/Users/venerakadralieva/.m2/repository/org/hamcrest/hamcrest-core/1.3/hamcrest-core-1.3.jar:/Users/venerakadralieva/.m2/repository/org/apache/poi/poi-ooxml/4.1.2/poi-ooxml-4.1.2.jar:/Users/venerakadralieva/.m2/repository/org/apache/poi/poi/4.1.2/poi-4.1.2.jar:/Users/venerakadralieva/.m2/repository/org/apache/commons/commons-collections4/4.4/commons-collections4-4.4.jar:/Users/venerakadralieva/.m2/repository/org/apache/commons/commons-math3/3.6.1/commons-math3-3.6.1.jar:/Users/venerakadralieva/.m2/repository/com/zaxxer/SparseBitSet/1.2/SparseBitSet-1.2.jar:/Users/venerakadralieva/.m2/repository/org/apache/poi/poi-ooxml-schemas/4.1.2/poi-ooxml-schemas-4.1.2.jar:/Users/venerakadralieva/.m2/repository/org/apache/xmlbeans/xmlbeans/3.1.0/xmlbeans-3.1.0.jar:/Users/venerakadralieva/.m2/repository/org/apache/commons/commons-compress/1.19/commons-compress-1.19.jar:/Users/venerakadralieva/.m2/repository/com/github/virtuald/curvesapi/1.06/curvesapi-1.06.jar:/Users/venerakadralieva/.m2/repository/oracle/ojdbc6/11.2.0.3/ojdbc6-11.2.0.3.jar:/Users/venerakadralieva/.m2/repository/org/apache/logging/log4j/log4j-core/2.12.1/log4j-core-2.12.1.jar:/Users/venerakadralieva/.m2/repository/org/apache/logging/log4j/log4j-api/2.12.1/log4j-api-2.12.1.jar:/Users/venerakadralieva/.m2/repository/com/aventstack/extentreports/4.0.9/extentreports-4.0.9.jar:/Users/venerakadralieva/.m2/repository/org/freemarker/freemarker/2.3.23/freemarker-2.3.23.jar:/Users/venerakadralieva/.m2/repository/org/mongodb/mongodb-driver/3.3.0/mongodb-driver-3.3.0.jar:/Users/venerakadralieva/.m2/repository/org/mongodb/mongodb-driver-core/3.3.0/mongodb-driver-core-3.3.0.jar:/Users/venerakadralieva/.m2/repository/org/mongodb/bson/3.3.0/bson-3.3.0.jar:/Users/venerakadralieva/.m2/repository/org/apache/httpcomponents/httpmime/4.5.2/httpmime-4.5.2.jar:/Users/venerakadralieva/.m2/repository/com/fasterxml/jackson/core/jackson-databind/2.9.8/jackson-databind-2.9.8.jar:/Users/venerakadralieva/.m2/repository/com/fasterxml/jackson/core/jackson-annotations/2.9.0/jackson-annotations-2.9.0.jar:/Users/venerakadralieva/.m2/repository/com/fasterxml/jackson/core/jackson-core/2.9.8/jackson-core-2.9.8.jar:/Users/venerakadralieva/.m2/repository/io/rest-assured/rest-assured/4.2.0/rest-assured-4.2.0.jar:/Users/venerakadralieva/.m2/repository/org/codehaus/groovy/groovy/2.5.8/groovy-2.5.8.jar:/Users/venerakadralieva/.m2/repository/org/codehaus/groovy/groovy-xml/2.5.8/groovy-xml-2.5.8.jar:/Users/venerakadralieva/.m2/repository/org/hamcrest/hamcrest/2.1/hamcrest-2.1.jar:/Users/venerakadralieva/.m2/repository/org/ccil/cowan/tagsoup/tagsoup/1.2.1/tagsoup-1.2.1.jar:/Users/venerakadralieva/.m2/repository/io/rest-assured/json-path/4.2.0/json-path-4.2.0.jar:/Users/venerakadralieva/.m2/repository/org/codehaus/groovy/groovy-json/2.5.8/groovy-json-2.5.8.jar:/Users/venerakadralieva/.m2/repository/io/rest-assured/rest-assured-common/4.2.0/rest-assured-common-4.2.0.jar:/Users/venerakadralieva/.m2/repository/io/rest-assured/xml-path/4.2.0/xml-path-4.2.0.jar:/Users/venerakadralieva/.m2/repository/jakarta/xml/bind/jakarta.xml.bind-api/2.3.2/jakarta.xml.bind-api-2.3.2.jar:/Users/venerakadralieva/.m2/repository/jakarta/activation/jakarta.activation-api/1.2.1/jakarta.activation-api-1.2.1.jar:/Users/venerakadralieva/.m2/repository/com/sun/xml/bind/jaxb-osgi/2.3.0.1/jaxb-osgi-2.3.0.1.jar:/Users/venerakadralieva/.m2/repository/org/apache/sling/org.apache.sling.javax.activation/0.1.0/org.apache.sling.javax.activation-0.1.0.jar:/Users/venerakadralieva/.m2/repository/javax/activation/activation/1.1.1/activation-1.1.1.jar:/Users/venerakadralieva/.m2/repository/org/projectlombok/lombok/1.18.8/lombok-1.18.8.jar:/Users/venerakadralieva/.m2/repository/org/assertj/assertj-core/3.11.1/assertj-core-3.11.1.jar:/Users/venerakadralieva/.m2/repository/io/appium/java-client/7.3.0/java-client-7.3.0.jar:/Users/venerakadralieva/.m2/repository/cglib/cglib/3.2.12/cglib-3.2.12.jar:/Users/venerakadralieva/.m2/repository/org/ow2/asm/asm/7.1/asm-7.1.jar:/Users/venerakadralieva/.m2/repository/commons-validator/commons-validator/1.6/commons-validator-1.6.jar:/Users/venerakadralieva/.m2/repository/commons-beanutils/commons-beanutils/1.9.2/commons-beanutils-1.9.2.jar:/Users/venerakadralieva/.m2/repository/commons-digester/commons-digester/1.8.1/commons-digester-1.8.1.jar:/Users/venerakadralieva/.m2/repository/commons-collections/commons-collections/3.2.2/commons-collections-3.2.2.jar:/Users/venerakadralieva/.m2/repository/org/springframework/spring-context/5.1.8.RELEASE/spring-context-5.1.8.RELEASE.jar:/Users/venerakadralieva/.m2/repository/org/springframework/spring-aop/5.1.8.RELEASE/spring-aop-5.1.8.RELEASE.jar:/Users/venerakadralieva/.m2/repository/org/springframework/spring-beans/5.1.8.RELEASE/spring-beans-5.1.8.RELEASE.jar:/Users/venerakadralieva/.m2/repository/org/springframework/spring-core/5.1.8.RELEASE/spring-core-5.1.8.RELEASE.jar:/Users/venerakadralieva/.m2/repository/org/springframework/spring-jcl/5.1.8.RELEASE/spring-jcl-5.1.8.RELEASE.jar:/Users/venerakadralieva/.m2/repository/org/springframework/spring-expression/5.1.8.RELEASE/spring-expression-5.1.8.RELEASE.jar:/Users/venerakadralieva/.m2/repository/org/aspectj/aspectjweaver/1.9.4/aspectjweaver-1.9.4.jar:"/>
    <property name="sun.cpu.endian" value="little"/>
    <property name="user.home" value="/Users/venerakadralieva"/>
    <property name="user.language" value="en"/>
    <property name="java.specification.vendor" value="Oracle Corporation"/>
    <property name="java.version.date" value="2019-07-16"/>
    <property name="java.home" value="/Library/Java/JavaVirtualMachines/jdk-12.0.2.jdk/Contents/Home"/>
    <property name="file.separator" value="/"/>
    <property name="basedir" value="/Users/venerakadralieva/Desktop/CucumberChicagoB14"/>
    <property name="java.vm.compressedOopsMode" value="Zero based"/>
    <property name="line.separator" value="&#10;"/>
    <property name="idea.version2019.2.3" value="true"/>
    <property name="java.vm.specification.vendor" value="Oracle Corporation"/>
    <property name="java.specification.name" value="Java Platform API Specification"/>
    <property name="java.awt.graphicsenv" value="sun.awt.CGraphicsEnvironment"/>
    <property name="surefire.real.class.path" value="/Users/venerakadralieva/Desktop/CucumberChicagoB14/target/surefire/surefirebooter15945478316177434450.jar"/>
    <property name="sun.management.compiler" value="HotSpot 64-Bit Tiered Compilers"/>
    <property name="ftp.nonProxyHosts" value="local|*.local|169.254/16|*.169.254/16"/>
    <property name="java.runtime.version" value="12.0.2+10"/>
    <property name="user.name" value="venerakadralieva"/>
    <property name="path.separator" value=":"/>
    <property name="os.version" value="10.15"/>
    <property name="java.runtime.name" value="Java(TM) SE Runtime Environment"/>
    <property name="file.encoding" value="UTF-8"/>
    <property name="java.vm.name" value="Java HotSpot(TM) 64-Bit Server VM"/>
    <property name="localRepository" value="/Users/venerakadralieva/.m2/repository"/>
    <property name="java.vendor.url.bug" value="https://bugreport.java.com/bugreport/"/>
    <property name="java.io.tmpdir" value="/var/folders/vp/bz0x1t056t580snq2_qj1vjc0000gn/T/"/>
    <property name="java.version" value="12.0.2"/>
    <property name="user.dir" value="/Users/venerakadralieva/Desktop/CucumberChicagoB14"/>
    <property name="os.arch" value="x86_64"/>
    <property name="java.vm.specification.name" value="Java Virtual Machine Specification"/>
    <property name="java.library.path" value="/Users/venerakadralieva/Library/Java/Extensions:/Library/Java/Extensions:/Network/Library/Java/Extensions:/System/Library/Java/Extensions:/usr/lib/java:."/>
    <property name="java.vm.info" value="mixed mode, sharing"/>
    <property name="java.vendor" value="Oracle Corporation"/>
    <property name="java.vm.version" value="12.0.2+10"/>
    <property name="sun.io.unicode.encoding" value="UnicodeBig"/>
    <property name="socksNonProxyHosts" value="local|*.local|169.254/16|*.169.254/16"/>
    <property name="java.class.version" value="56.0"/>
  </properties>
  <testcase name="UI vs API cross data validation" classname="Teacher Details End to End  for UI vs API" time="37.142">
    <error message="no such element: Unable to locate element: {&quot;method&quot;:&quot;xpath&quot;,&quot;selector&quot;:&quot;(//h3)[2]&quot;}&#10;  (Session info: chrome=80.0.3987.149)&#10;For documentation on this error, please visit: https://www.seleniumhq.org/exceptions/no_such_element.html&#10;Build info: version: &apos;3.141.59&apos;, revision: &apos;e82be7d358&apos;, time: &apos;2018-11-14T08:17:03&apos;&#10;System info: host: &apos;VENERAs-MacBook-Pro.local&apos;, ip: &apos;fe80:0:0:0:1067:6807:b875:efac%en0&apos;, os.name: &apos;Mac OS X&apos;, os.arch: &apos;x86_64&apos;, os.version: &apos;10.15&apos;, java.version: &apos;12.0.2&apos;&#10;Driver info: org.openqa.selenium.chrome.ChromeDriver&#10;Capabilities {acceptInsecureCerts: false, browserName: chrome, browserVersion: 80.0.3987.149, chrome: {chromedriverVersion: 80.0.3987.106 (f68069574609..., userDataDir: /var/folders/vp/bz0x1t056t5...}, goog:chromeOptions: {debuggerAddress: localhost:50282}, javascriptEnabled: true, networkConnectionEnabled: false, pageLoadStrategy: normal, platform: MAC, platformName: MAC, proxy: Proxy(), setWindowRect: true, strictFileInteractability: false, timeouts: {implicit: 0, pageLoad: 300000, script: 30000}, unhandledPromptBehavior: dismiss and notify}&#10;Session ID: a59708f440381d51ffe612a223625c6d&#10;*** Element info: {Using=xpath, value=(//h3)[2]}" type="org.openqa.selenium.NoSuchElementException">org.openqa.selenium.NoSuchElementException: 
no such element: Unable to locate element: {"method":"xpath","selector":"(//h3)[2]"}
  (Session info: chrome=80.0.3987.149)
For documentation on this error, please visit: https://www.seleniumhq.org/exceptions/no_such_element.html
Build info: version: '3.141.59', revision: 'e82be7d358', time: '2018-11-14T08:17:03'
System info: host: 'VENERAs-MacBook-Pro.local', ip: 'fe80:0:0:0:1067:6807:b875:efac%en0', os.name: 'Mac OS X', os.arch: 'x86_64', os.version: '10.15', java.version: '12.0.2'
Driver info: org.openqa.selenium.chrome.ChromeDriver
Capabilities {acceptInsecureCerts: false, browserName: chrome, browserVersion: 80.0.3987.149, chrome: {chromedriverVersion: 80.0.3987.106 (f68069574609..., userDataDir: /var/folders/vp/bz0x1t056t5...}, goog:chromeOptions: {debuggerAddress: localhost:50282}, javascriptEnabled: true, networkConnectionEnabled: false, pageLoadStrategy: normal, platform: MAC, platformName: MAC, proxy: Proxy(), setWindowRect: true, strictFileInteractability: false, timeouts: {implicit: 0, pageLoad: 300000, script: 30000}, unhandledPromptBehavior: dismiss and notify}
Session ID: a59708f440381d51ffe612a223625c6d
*** Element info: {Using=xpath, value=(//h3)[2]}
</error>
    <system-out><![CDATA[[INFO ] 2020-03-26 23:11:51.259 [main] TestLogs - Scenario start point: UI vs API cross data validation
[DEBUG] 2020-03-26 23:11:54.545 [main] BasicClientConnectionManager - Get connection for route {}->http://api.cybertektraining.com:80
[DEBUG] 2020-03-26 23:11:54.608 [main] DefaultClientConnectionOperator - Connecting to api.cybertektraining.com:80
[DEBUG] 2020-03-26 23:11:54.672 [main] RequestAddCookies - CookieSpec selected: ignoreCookies
[DEBUG] 2020-03-26 23:11:54.673 [main] RequestAuthCache - Auth cache not set in the context
[DEBUG] 2020-03-26 23:11:54.673 [main] RequestTargetAuthentication - Target auth state: UNCHALLENGED
[DEBUG] 2020-03-26 23:11:54.673 [main] RequestProxyAuthentication - Proxy auth state: UNCHALLENGED
[DEBUG] 2020-03-26 23:11:54.673 [main] DefaultHttpClient - Attempt 1 to execute request
[DEBUG] 2020-03-26 23:11:54.674 [main] DefaultClientConnection - Sending request: GET /teacher/2794 HTTP/1.1
[DEBUG] 2020-03-26 23:11:54.674 [main] wire -  >> "GET /teacher/2794 HTTP/1.1[\r][\n]"
[DEBUG] 2020-03-26 23:11:54.675 [main] wire -  >> "Accept: */*[\r][\n]"
[DEBUG] 2020-03-26 23:11:54.675 [main] wire -  >> "Host: api.cybertektraining.com[\r][\n]"
[DEBUG] 2020-03-26 23:11:54.675 [main] wire -  >> "Connection: Keep-Alive[\r][\n]"
[DEBUG] 2020-03-26 23:11:54.675 [main] wire -  >> "User-Agent: Apache-HttpClient/4.5.6 (Java/12.0.2)[\r][\n]"
[DEBUG] 2020-03-26 23:11:54.675 [main] wire -  >> "Accept-Encoding: gzip,deflate[\r][\n]"
[DEBUG] 2020-03-26 23:11:54.675 [main] wire -  >> "[\r][\n]"
[DEBUG] 2020-03-26 23:11:54.675 [main] headers - >> GET /teacher/2794 HTTP/1.1
[DEBUG] 2020-03-26 23:11:54.675 [main] headers - >> Accept: */*
[DEBUG] 2020-03-26 23:11:54.675 [main] headers - >> Host: api.cybertektraining.com
[DEBUG] 2020-03-26 23:11:54.676 [main] headers - >> Connection: Keep-Alive
[DEBUG] 2020-03-26 23:11:54.676 [main] headers - >> User-Agent: Apache-HttpClient/4.5.6 (Java/12.0.2)
[DEBUG] 2020-03-26 23:11:54.676 [main] headers - >> Accept-Encoding: gzip,deflate
[DEBUG] 2020-03-26 23:11:54.743 [main] wire -  << "HTTP/1.1 200 [\r][\n]"
[DEBUG] 2020-03-26 23:11:54.745 [main] wire -  << "Date: Fri, 27 Mar 2020 04:11:54 GMT[\r][\n]"
[DEBUG] 2020-03-26 23:11:54.745 [main] wire -  << "Server: Apache/2.4.38 (Amazon) OpenSSL/1.0.2k-fips[\r][\n]"
[DEBUG] 2020-03-26 23:11:54.745 [main] wire -  << "Content-Type: application/json;charset=UTF-8[\r][\n]"
[DEBUG] 2020-03-26 23:11:54.745 [main] wire -  << "Vary: Accept-Encoding[\r][\n]"
[DEBUG] 2020-03-26 23:11:54.745 [main] wire -  << "Content-Encoding: gzip[\r][\n]"
[DEBUG] 2020-03-26 23:11:54.745 [main] wire -  << "Content-Length: 247[\r][\n]"
[DEBUG] 2020-03-26 23:11:54.745 [main] wire -  << "Keep-Alive: timeout=60, max=100[\r][\n]"
[DEBUG] 2020-03-26 23:11:54.745 [main] wire -  << "Connection: Keep-Alive[\r][\n]"
[DEBUG] 2020-03-26 23:11:54.745 [main] wire -  << "[\r][\n]"
[DEBUG] 2020-03-26 23:11:54.746 [main] DefaultClientConnection - Receiving response: HTTP/1.1 200 
[DEBUG] 2020-03-26 23:11:54.746 [main] headers - << HTTP/1.1 200 
[DEBUG] 2020-03-26 23:11:54.746 [main] headers - << Date: Fri, 27 Mar 2020 04:11:54 GMT
[DEBUG] 2020-03-26 23:11:54.746 [main] headers - << Server: Apache/2.4.38 (Amazon) OpenSSL/1.0.2k-fips
[DEBUG] 2020-03-26 23:11:54.746 [main] headers - << Content-Type: application/json;charset=UTF-8
[DEBUG] 2020-03-26 23:11:54.746 [main] headers - << Vary: Accept-Encoding
[DEBUG] 2020-03-26 23:11:54.746 [main] headers - << Content-Encoding: gzip
[DEBUG] 2020-03-26 23:11:54.747 [main] headers - << Content-Length: 247
[DEBUG] 2020-03-26 23:11:54.747 [main] headers - << Keep-Alive: timeout=60, max=100
[DEBUG] 2020-03-26 23:11:54.747 [main] headers - << Connection: Keep-Alive
[DEBUG] 2020-03-26 23:11:54.752 [main] DefaultHttpClient - Connection can be kept alive for 60000 MILLISECONDS
[DEBUG] 2020-03-26 23:11:54.768 [main] RequestSpecificationImpl$RestAssuredHttpBuilder - Parsing response as: application/json;charset=UTF-8
[DEBUG] 2020-03-26 23:11:54.768 [main] wire -  << "[0x1f][0x8b][0x8][0x0][0x0][0x0][0x0][0x0][0x0][0x3]U[0x90][0xcb]N[0x3]1[0xc]E[0x5]y][0x15]fZ[0x18]&+[0x10]e[0xd1][0x5][0x88]=b[0xe1]$[0xa6][0x93]*[0x8f][0x91][0x9d][\n]"
[DEBUG] 2020-03-26 23:11:54.768 [main] wire -  << "[0xa1][0xaa][0xff][0x8e][0xc3]SD[0xd9][0xdc][0x93]k_;G[0xa8][0x84]n"[0x16]0[0xcf][0xc7][0x1f][0xb1][0xf5]`[0xfa]a\/[0xe0]5[0xb0][0xd4]GL[0x4][0x6][0x9e][0xd0][0xc6][0x2][0xb][0x88][0xf8][0x8b][0xee][0xc5][0x15][0x8b][0xac][0x90][0x12][0x86]x[0xeb]=[0x93]h+[0x98][0xd5][0x1b]j[0xb9][0xd9]%[0x8c][0x11][0x97][0xae]$[0xf5][0xec]K[0xc8][0x1b][0xac][0xad][0xb0][0xeb][0xcf][0xf5][0xf6][0x17]}[0xaf]|F[0x91][0xb7][0xc2][0xfe][0x93][0xaf][0xd0]JcS[0xc9]_[0xc6][0xd5][0xfa][0xf2]j[0xb8][0x1e][0x95][0xc9][0xc1][0xee][0xc9]U[0xa5][0xdb][0xaa]rG[0xd9][0x13][0xab]z[0xc0]H[0xaa]=[0xcd][0xc8]5Qn[0x8e][0xbb][0x92][0xe6]C%>[0x13][0x17]([0xbb][0xf6]n[0x3][0xd7][0xe9]_~7[0xe]-_0"[0xbf][0x83][0x19][0xbf][0x8f]Z[0xb1][0xba][0x9]L[0xa7]? [0x9a][0x18]J[0xd6][0x1a]][0xa2]ul[0xc3][0xb1][0xae][0x9b]5[0xe8]o[0xe1]D[0x9e]b[0xc8]pz9}[0x0]g[0x1e];[0x92]T[0x1][0x0][0x0]"
[DEBUG] 2020-03-26 23:11:54.769 [main] RequestSpecificationImpl$RestAssuredHttpBuilder - Parsed data to instance of: class org.apache.http.conn.EofSensorInputStream
[DEBUG] 2020-03-26 23:11:54.800 [main] BasicClientConnectionManager - Releasing connection org.apache.http.impl.conn.ManagedClientConnectionImpl@4776e209
[DEBUG] 2020-03-26 23:11:54.800 [main] BasicClientConnectionManager - Connection can be kept alive for 60000 MILLISECONDS
{"teachers":[{"teacherId":2794,"firstName":"Pablo","lastName":"Escobar","emailAddress":"pablito@gmalla.com","joinDate":"12/12/2022","password":"123abs","phone":"123456789","subject":"It","gender":"Male","department":"Computer science","birthDate":"12/12/1972","salary":99999999,"batch":14,"section":"comuter","premanentAddress":"medelin"}]}
Status code: 200
[DEBUG] 2020-03-26 23:12:22.949 [Finalizer] DefaultClientConnection - Connection 0.0.0.0:50287<->3.130.252.21:80 closed
]]></system-out>
    <system-err><![CDATA[SLF4J: Failed to load class "org.slf4j.impl.StaticLoggerBinder".
SLF4J: Defaulting to no-operation (NOP) logger implementation
SLF4J: See http://www.slf4j.org/codes.html#StaticLoggerBinder for further details.
Starting ChromeDriver 80.0.3987.106 (f68069574609230cf9b635cd784cfb1bf81bb53a-refs/branch-heads/3987@{#882}) on port 3297
Only local connections are allowed.
Please protect ports used by ChromeDriver and related test frameworks to prevent access by malicious code.
Mar 26, 2020 11:11:53 PM org.openqa.selenium.remote.ProtocolHandshake createSession
INFO: Detected dialect: W3C
[1585282315.492][SEVERE]: Timed out receiving message from renderer: 0.100
[1585282315.594][SEVERE]: Timed out receiving message from renderer: 0.100
[1585282315.699][SEVERE]: Timed out receiving message from renderer: 0.100
[1585282315.800][SEVERE]: Timed out receiving message from renderer: 0.100
[1585282315.903][SEVERE]: Timed out receiving message from renderer: 0.100
[1585282316.061][SEVERE]: Timed out receiving message from renderer: 0.100
[1585282316.261][SEVERE]: Timed out receiving message from renderer: 0.100
[1585282316.362][SEVERE]: Timed out receiving message from renderer: 0.100
[1585282316.463][SEVERE]: Timed out receiving message from renderer: 0.100
[1585282316.565][SEVERE]: Timed out receiving message from renderer: 0.100
[1585282316.668][SEVERE]: Timed out receiving message from renderer: 0.100
[1585282316.770][SEVERE]: Timed out receiving message from renderer: 0.100
[1585282316.872][SEVERE]: Timed out receiving message from renderer: 0.100
]]></system-err>
  </testcase>
</testsuite>